<?xml version="1.0" encoding="UTF-8" ?>
<testsuite failures="0" time="2.272" errors="1" skipped="0" tests="1" name="com.cn.rotator.domain.dao.RotatorDaoTest">
  <properties>
[...]
</properties>
  <testcase time="2.052" classname="com.cn.rotator.domain.dao.RotatorDaoTest" name="testRotator">
    <error message="org.hibernate.exception.ConstraintViolationException: could not insert: [com.cn.rotator.domain.dom.RotatorDestinationPath]" type="javax.persistence.PersistenceException">javax.persistence.PersistenceException: org.hibernate.exception.ConstraintViolationException: could not insert: [com.cn.rotator.domain.dom.RotatorDestinationPath]
	at org.hibernate.ejb.AbstractEntityManagerImpl.convert(AbstractEntityManagerImpl.java:804)
	at org.hibernate.ejb.AbstractEntityManagerImpl.merge(AbstractEntityManagerImpl.java:331)
	at sun.reflect.NativeMethodAccessorImpl.invoke0(Native Method)
	at sun.reflect.NativeMethodAccessorImpl.invoke(NativeMethodAccessorImpl.java:39)
	at sun.reflect.DelegatingMethodAccessorImpl.invoke(DelegatingMethodAccessorImpl.java:25)
	at java.lang.reflect.Method.invoke(Method.java:597)
	at org.springframework.orm.jpa.SharedEntityManagerCreator$SharedEntityManagerInvocationHandler.invoke(SharedEntityManagerCreator.java:240)
	at $Proxy27.merge(Unknown Source)
	at com.cn.rotator.domain.dao.jpa.JpaRotatorDestinationPathDao.save(JpaRotatorDestinationPathDao.java:30)
	at sun.reflect.NativeMethodAccessorImpl.invoke0(Native Method)
	at sun.reflect.NativeMethodAccessorImpl.invoke(NativeMethodAccessorImpl.java:39)
	at sun.reflect.DelegatingMethodAccessorImpl.invoke(DelegatingMethodAccessorImpl.java:25)
	at java.lang.reflect.Method.invoke(Method.java:597)
	at org.springframework.aop.support.AopUtils.invokeJoinpointUsingReflection(AopUtils.java:309)
	at org.springframework.aop.framework.ReflectiveMethodInvocation.invokeJoinpoint(ReflectiveMethodInvocation.java:183)
	at org.springframework.aop.framework.ReflectiveMethodInvocation.proceed(ReflectiveMethodInvocation.java:150)
	at org.springframework.transaction.interceptor.TransactionInterceptor.invoke(TransactionInterceptor.java:110)
	at org.springframework.aop.framework.ReflectiveMethodInvocation.proceed(ReflectiveMethodInvocation.java:172)
	at org.springframework.aop.framework.JdkDynamicAopProxy.invoke(JdkDynamicAopProxy.java:202)
	at $Proxy29.save(Unknown Source)
	at com.cn.rotator.domain.dao.RotatorDaoTest.testRotator(RotatorDaoTest.java:47)
	at sun.reflect.NativeMethodAccessorImpl.invoke0(Native Method)
	at sun.reflect.NativeMethodAccessorImpl.invoke(NativeMethodAccessorImpl.java:39)
	at sun.reflect.DelegatingMethodAccessorImpl.invoke(DelegatingMethodAccessorImpl.java:25)
	at java.lang.reflect.Method.invoke(Method.java:597)
	at org.junit.runners.model.FrameworkMethod$1.runReflectiveCall(FrameworkMethod.java:44)
	at org.junit.internal.runners.model.ReflectiveCallable.run(ReflectiveCallable.java:15)
	at org.junit.runners.model.FrameworkMethod.invokeExplosively(FrameworkMethod.java:41)
	at org.junit.internal.runners.statements.InvokeMethod.evaluate(InvokeMethod.java:20)
	at org.springframework.test.context.junit4.statements.RunBeforeTestMethodCallbacks.evaluate(RunBeforeTestMethodCallbacks.java:74)
	at org.springframework.test.context.junit4.statements.RunAfterTestMethodCallbacks.evaluate(RunAfterTestMethodCallbacks.java:82)
	at org.springframework.test.context.junit4.statements.SpringRepeat.evaluate(SpringRepeat.java:72)
	at org.springframework.test.context.junit4.SpringJUnit4ClassRunner.runChild(SpringJUnit4ClassRunner.java:240)
	at org.junit.runners.BlockJUnit4ClassRunner.runChild(BlockJUnit4ClassRunner.java:49)
	at org.junit.runners.ParentRunner$3.run(ParentRunner.java:193)
	at org.junit.runners.ParentRunner$1.schedule(ParentRunner.java:52)
	at org.junit.runners.ParentRunner.runChildren(ParentRunner.java:191)
	at org.junit.runners.ParentRunner.access$000(ParentRunner.java:42)
	at org.junit.runners.ParentRunner$2.evaluate(ParentRunner.java:184)
	at org.springframework.test.context.junit4.statements.RunBeforeTestClassCallbacks.evaluate(RunBeforeTestClassCallbacks.java:61)
	at org.springframework.test.context.junit4.statements.RunAfterTestClassCallbacks.evaluate(RunAfterTestClassCallbacks.java:70)
	at org.junit.runners.ParentRunner.run(ParentRunner.java:236)
	at org.springframework.test.context.junit4.SpringJUnit4ClassRunner.run(SpringJUnit4ClassRunner.java:180)
	at org.apache.maven.surefire.junit4.JUnit4TestSet.execute(JUnit4TestSet.java:35)
	at org.apache.maven.surefire.junit4.JUnit4Provider.executeTestSet(JUnit4Provider.java:115)
	at org.apache.maven.surefire.junit4.JUnit4Provider.invoke(JUnit4Provider.java:97)
	at sun.reflect.NativeMethodAccessorImpl.invoke0(Native Method)
	at sun.reflect.NativeMethodAccessorImpl.invoke(NativeMethodAccessorImpl.java:39)
	at sun.reflect.DelegatingMethodAccessorImpl.invoke(DelegatingMethodAccessorImpl.java:25)
	at java.lang.reflect.Method.invoke(Method.java:597)
	at org.apache.maven.surefire.booter.ProviderFactory$ClassLoaderProxy.invoke(ProviderFactory.java:103)
	at $Proxy0.invoke(Unknown Source)
	at org.apache.maven.surefire.booter.SurefireStarter.invokeProvider(SurefireStarter.java:150)
	at org.apache.maven.surefire.booter.SurefireStarter.runSuitesInProcess(SurefireStarter.java:91)
	at org.apache.maven.surefire.booter.ForkedBooter.main(ForkedBooter.java:69)
Caused by: org.hibernate.exception.ConstraintViolationException: could not insert: [com.cn.rotator.domain.dom.RotatorDestinationPath]
	at org.hibernate.exception.SQLStateConverter.convert(SQLStateConverter.java:94)
	at org.hibernate.exception.JDBCExceptionHelper.convert(JDBCExceptionHelper.java:66)
	at org.hibernate.id.insert.AbstractReturningDelegate.performInsert(AbstractReturningDelegate.java:64)
	at org.hibernate.persister.entity.AbstractEntityPersister.insert(AbstractEntityPersister.java:2278)
	at org.hibernate.persister.entity.AbstractEntityPersister.insert(AbstractEntityPersister.java:2758)
	at org.hibernate.action.EntityIdentityInsertAction.execute(EntityIdentityInsertAction.java:71)
	at org.hibernate.engine.ActionQueue.execute(ActionQueue.java:279)
	at org.hibernate.event.def.AbstractSaveEventListener.performSaveOrReplicate(AbstractSaveEventListener.java:321)
	at org.hibernate.event.def.AbstractSaveEventListener.performSave(AbstractSaveEventListener.java:204)
	at org.hibernate.event.def.AbstractSaveEventListener.saveWithGeneratedId(AbstractSaveEventListener.java:130)
	at org.hibernate.ejb.event.EJB3MergeEventListener.saveWithGeneratedId(EJB3MergeEventListener.java:62)
	at org.hibernate.event.def.DefaultMergeEventListener.mergeTransientEntity(DefaultMergeEventListener.java:314)
	at org.hibernate.event.def.DefaultMergeEventListener.entityIsTransient(DefaultMergeEventListener.java:282)
	at org.hibernate.event.def.DefaultMergeEventListener.onMerge(DefaultMergeEventListener.java:237)
	at org.hibernate.event.def.DefaultMergeEventListener.onMerge(DefaultMergeEventListener.java:84)
	at org.hibernate.impl.SessionImpl.fireMerge(SessionImpl.java:709)
	at org.hibernate.impl.SessionImpl.merge(SessionImpl.java:693)
	at org.hibernate.impl.SessionImpl.merge(SessionImpl.java:697)
	at org.hibernate.ejb.AbstractEntityManagerImpl.merge(AbstractEntityManagerImpl.java:322)
	... 53 more
Caused by: com.mysql.jdbc.exceptions.jdbc4.MySQLIntegrityConstraintViolationException: Column &apos;rotator_id&apos; cannot be null
	at sun.reflect.NativeConstructorAccessorImpl.newInstance0(Native Method)
	at sun.reflect.NativeConstructorAccessorImpl.newInstance(NativeConstructorAccessorImpl.java:39)
	at sun.reflect.DelegatingConstructorAccessorImpl.newInstance(DelegatingConstructorAccessorImpl.java:27)
	at java.lang.reflect.Constructor.newInstance(Constructor.java:513)
	at com.mysql.jdbc.Util.handleNewInstance(Util.java:409)
	at com.mysql.jdbc.Util.getInstance(Util.java:384)
	at com.mysql.jdbc.SQLError.createSQLException(SQLError.java:1041)
	at com.mysql.jdbc.MysqlIO.checkErrorPacket(MysqlIO.java:3562)
	at com.mysql.jdbc.MysqlIO.checkErrorPacket(MysqlIO.java:3494)
	at com.mysql.jdbc.MysqlIO.sendCommand(MysqlIO.java:1960)
	at com.mysql.jdbc.MysqlIO.sqlQueryDirect(MysqlIO.java:2114)
	at com.mysql.jdbc.ConnectionImpl.execSQL(ConnectionImpl.java:2696)
	at com.mysql.jdbc.PreparedStatement.executeInternal(PreparedStatement.java:2105)
	at com.mysql.jdbc.PreparedStatement.executeUpdate(PreparedStatement.java:2398)
	at com.mysql.jdbc.PreparedStatement.executeUpdate(PreparedStatement.java:2316)
	at com.mysql.jdbc.PreparedStatement.executeUpdate(PreparedStatement.java:2301)
	at org.hibernate.id.IdentityGenerator$GetGeneratedKeysDelegate.executeAndExtract(IdentityGenerator.java:94)
	at org.hibernate.id.insert.AbstractReturningDelegate.performInsert(AbstractReturningDelegate.java:57)
	... 69 more
</error>
    <system-out>@HL
@HL-------------------------------------------------------
@HL T E S T S
@HL-------------------------------------------------------
@SLRunning com.cn.rotator.domain.dao.RotatorDaoTest
DEBUG: org.springframework.test.context.junit4.SpringJUnit4ClassRunner - SpringJUnit4ClassRunner constructor called with [class com.cn.rotator.domain.dao.RotatorDaoTest].
INFO : org.springframework.test.context.TestContextManager - @TestExecutionListeners is not present for class [class com.cn.rotator.domain.dao.RotatorDaoTest]: using defaults.
DEBUG: org.springframework.test.annotation.ProfileValueUtils - Retrieved @ProfileValueSourceConfiguration [null] for test class [com.cn.rotator.domain.dao.RotatorDaoTest]
DEBUG: org.springframework.test.annotation.ProfileValueUtils - Retrieved ProfileValueSource type [class org.springframework.test.annotation.SystemProfileValueSource] for class [com.cn.rotator.domain.dao.RotatorDaoTest]
DEBUG: org.springframework.test.annotation.ProfileValueUtils - Retrieved @ProfileValueSourceConfiguration [null] for test class [com.cn.rotator.domain.dao.RotatorDaoTest]
DEBUG: org.springframework.test.annotation.ProfileValueUtils - Retrieved ProfileValueSource type [class org.springframework.test.annotation.SystemProfileValueSource] for class [com.cn.rotator.domain.dao.RotatorDaoTest]
DEBUG: org.springframework.test.annotation.ProfileValueUtils - Retrieved @ProfileValueSourceConfiguration [null] for test class [com.cn.rotator.domain.dao.RotatorDaoTest]
DEBUG: org.springframework.test.annotation.ProfileValueUtils - Retrieved ProfileValueSource type [class org.springframework.test.annotation.SystemProfileValueSource] for class [com.cn.rotator.domain.dao.RotatorDaoTest]
DEBUG: org.springframework.test.context.support.DependencyInjectionTestExecutionListener - Performing dependency injection for test context [[TestContext@f581593 testClass = RotatorDaoTest, locations = array&lt;String&gt;[&apos;file:src/test/resources/spring/rotator-config.xml&apos;], testInstance = com.cn.rotator.domain.dao.RotatorDaoTest@5ff06dc3, testMethod = [null], testException = [null]]].
DEBUG: org.springframework.test.context.support.AbstractGenericContextLoader - Loading ApplicationContext for locations [file:src/test/resources/spring/rotator-config.xml].
INFO : org.springframework.beans.factory.xml.XmlBeanDefinitionReader - Loading XML bean definitions from URL [file:src/test/resources/spring/rotator-config.xml]
DEBUG: org.springframework.beans.factory.xml.DefaultDocumentLoader - Using JAXP provider [com.sun.org.apache.xerces.internal.jaxp.DocumentBuilderFactoryImpl]
DEBUG: org.springframework.beans.factory.xml.PluggableSchemaResolver - Loading schema mappings from [META-INF/spring.schemas]
DEBUG: org.springframework.beans.factory.xml.PluggableSchemaResolver - Loaded schema mappings: {http://www.springframework.org/schema/util/spring-util.xsd=org/springframework/beans/factory/xml/spring-util-3.0.xsd, http://www.springframework.org/schema/task/spring-task.xsd=org/springframework/scheduling/config/spring-task-3.0.xsd, http://www.springframework.org/schema/aop/spring-aop-3.0.xsd=org/springframework/aop/config/spring-aop-3.0.xsd, http://www.springframework.org/schema/aop/spring-aop-2.0.xsd=org/springframework/aop/config/spring-aop-2.0.xsd, http://www.springframework.org/schema/tool/spring-tool-2.5.xsd=org/springframework/beans/factory/xml/spring-tool-2.5.xsd, http://www.springframework.org/schema/beans/spring-beans.xsd=org/springframework/beans/factory/xml/spring-beans-3.0.xsd, http://www.springframework.org/schema/jee/spring-jee-2.5.xsd=org/springframework/ejb/config/spring-jee-2.5.xsd, http://www.springframework.org/schema/aop/spring-aop.xsd=org/springframework/aop/config/spring-aop-3.0.xsd, http://www.springframework.org/schema/beans/spring-beans-2.0.xsd=org/springframework/beans/factory/xml/spring-beans-2.0.xsd, http://www.springframework.org/schema/mvc/spring-mvc-3.0.xsd=org/springframework/web/servlet/config/spring-mvc-3.0.xsd, http://www.springframework.org/schema/beans/spring-beans-3.0.xsd=org/springframework/beans/factory/xml/spring-beans-3.0.xsd, http://www.springframework.org/schema/task/spring-task-3.0.xsd=org/springframework/scheduling/config/spring-task-3.0.xsd, http://www.springframework.org/schema/tx/spring-tx-2.5.xsd=org/springframework/transaction/config/spring-tx-2.5.xsd, http://www.springframework.org/schema/context/spring-context-2.5.xsd=org/springframework/context/config/spring-context-2.5.xsd, http://www.springframework.org/schema/jdbc/spring-jdbc-3.0.xsd=org/springframework/jdbc/config/spring-jdbc-3.0.xsd, http://www.springframework.org/schema/tool/spring-tool-3.0.xsd=org/springframework/beans/factory/xml/spring-tool-3.0.xsd, http://www.springframework.org/schema/tx/spring-tx.xsd=org/springframework/transaction/config/spring-tx-3.0.xsd, http://www.springframework.org/schema/tool/spring-tool-2.0.xsd=org/springframework/beans/factory/xml/spring-tool-2.0.xsd, http://www.springframework.org/schema/util/spring-util-2.5.xsd=org/springframework/beans/factory/xml/spring-util-2.5.xsd, http://www.springframework.org/schema/lang/spring-lang.xsd=org/springframework/scripting/config/spring-lang-3.0.xsd, http://www.springframework.org/schema/lang/spring-lang-2.5.xsd=org/springframework/scripting/config/spring-lang-2.5.xsd, http://www.springframework.org/schema/jee/spring-jee-3.0.xsd=org/springframework/ejb/config/spring-jee-3.0.xsd, http://www.springframework.org/schema/jee/spring-jee-2.0.xsd=org/springframework/ejb/config/spring-jee-2.0.xsd, http://www.springframework.org/schema/context/spring-context.xsd=org/springframework/context/config/spring-context-3.0.xsd, http://www.springframework.org/schema/jee/spring-jee.xsd=org/springframework/ejb/config/spring-jee-3.0.xsd, http://www.springframework.org/schema/aop/spring-aop-2.5.xsd=org/springframework/aop/config/spring-aop-2.5.xsd, http://www.springframework.org/schema/mvc/spring-mvc.xsd=org/springframework/web/servlet/config/spring-mvc-3.0.xsd, http://www.springframework.org/schema/jdbc/spring-jdbc.xsd=org/springframework/jdbc/config/spring-jdbc-3.0.xsd, http://www.springframework.org/schema/tx/spring-tx-2.0.xsd=org/springframework/transaction/config/spring-tx-2.0.xsd, http://www.springframework.org/schema/tx/spring-tx-3.0.xsd=org/springframework/transaction/config/spring-tx-3.0.xsd, http://www.springframework.org/schema/context/spring-context-3.0.xsd=org/springframework/context/config/spring-context-3.0.xsd, http://www.springframework.org/schema/tool/spring-tool.xsd=org/springframework/beans/factory/xml/spring-tool-3.0.xsd, http://www.springframework.org/schema/util/spring-util-3.0.xsd=org/springframework/beans/factory/xml/spring-util-3.0.xsd, http://www.springframework.org/schema/lang/spring-lang-3.0.xsd=org/springframework/scripting/config/spring-lang-3.0.xsd, http://www.springframework.org/schema/util/spring-util-2.0.xsd=org/springframework/beans/factory/xml/spring-util-2.0.xsd, http://www.springframework.org/schema/lang/spring-lang-2.0.xsd=org/springframework/scripting/config/spring-lang-2.0.xsd, http://www.springframework.org/schema/beans/spring-beans-2.5.xsd=org/springframework/beans/factory/xml/spring-beans-2.5.xsd}
DEBUG: org.springframework.beans.factory.xml.PluggableSchemaResolver - Found XML schema [http://www.springframework.org/schema/beans/spring-beans-3.0.xsd] in classpath: org/springframework/beans/factory/xml/spring-beans-3.0.xsd
DEBUG: org.springframework.beans.factory.xml.PluggableSchemaResolver - Found XML schema [http://www.springframework.org/schema/context/spring-context-3.0.xsd] in classpath: org/springframework/context/config/spring-context-3.0.xsd
DEBUG: org.springframework.beans.factory.xml.PluggableSchemaResolver - Found XML schema [http://www.springframework.org/schema/tool/spring-tool-3.0.xsd] in classpath: org/springframework/beans/factory/xml/spring-tool-3.0.xsd
DEBUG: org.springframework.beans.factory.xml.PluggableSchemaResolver - Found XML schema [http://www.springframework.org/schema/tx/spring-tx-2.5.xsd] in classpath: org/springframework/transaction/config/spring-tx-2.5.xsd
DEBUG: org.springframework.beans.factory.xml.PluggableSchemaResolver - Found XML schema [http://www.springframework.org/schema/mvc/spring-mvc-3.0.xsd] in classpath: org/springframework/web/servlet/config/spring-mvc-3.0.xsd
DEBUG: org.springframework.beans.factory.xml.DefaultBeanDefinitionDocumentReader - Loading bean definitions
DEBUG: org.springframework.beans.factory.xml.DefaultNamespaceHandlerResolver - Loaded NamespaceHandler mappings: {http://www.springframework.org/schema/p=org.springframework.beans.factory.xml.SimplePropertyNamespaceHandler, http://www.springframework.org/schema/mvc=org.springframework.web.servlet.config.MvcNamespaceHandler, http://www.springframework.org/schema/util=org.springframework.beans.factory.xml.UtilNamespaceHandler, http://www.springframework.org/schema/jee=org.springframework.ejb.config.JeeNamespaceHandler, http://www.springframework.org/schema/aop=org.springframework.aop.config.AopNamespaceHandler, http://www.springframework.org/schema/jdbc=org.springframework.jdbc.config.JdbcNamespaceHandler, http://www.springframework.org/schema/tx=org.springframework.transaction.config.TxNamespaceHandler, http://www.springframework.org/schema/task=org.springframework.scheduling.config.TaskNamespaceHandler, http://www.springframework.org/schema/lang=org.springframework.scripting.config.LangNamespaceHandler, http://www.springframework.org/schema/context=org.springframework.context.config.ContextNamespaceHandler}
INFO : org.springframework.context.annotation.ClassPathBeanDefinitionScanner - JSR-330 &apos;javax.inject.Named&apos; annotation found and supported for component scanning
DEBUG: org.springframework.core.io.support.PathMatchingResourcePatternResolver - Looking for matching resources in directory tree [C:\Users\kevin\workspace\java\rotator\target\test-classes\com\cn\rotator]
DEBUG: org.springframework.core.io.support.PathMatchingResourcePatternResolver - Searching directory [C:\Users\kevin\workspace\java\rotator\target\test-classes\com\cn\rotator] for files matching pattern [C:/Users/kevin/workspace/java/rotator/target/test-classes/com/cn/rotator/**/*.class]
DEBUG: org.springframework.core.io.support.PathMatchingResourcePatternResolver - Searching directory [C:\Users\kevin\workspace\java\rotator\target\test-classes\com\cn\rotator\domain] for files matching pattern [C:/Users/kevin/workspace/java/rotator/target/test-classes/com/cn/rotator/**/*.class]
DEBUG: org.springframework.core.io.support.PathMatchingResourcePatternResolver - Searching directory [C:\Users\kevin\workspace\java\rotator\target\test-classes\com\cn\rotator\domain\dao] for files matching pattern [C:/Users/kevin/workspace/java/rotator/target/test-classes/com/cn/rotator/**/*.class]
DEBUG: org.springframework.core.io.support.PathMatchingResourcePatternResolver - Looking for matching resources in directory tree [C:\Users\kevin\workspace\java\rotator\target\classes\com\cn\rotator]
DEBUG: org.springframework.core.io.support.PathMatchingResourcePatternResolver - Searching directory [C:\Users\kevin\workspace\java\rotator\target\classes\com\cn\rotator] for files matching pattern [C:/Users/kevin/workspace/java/rotator/target/classes/com/cn/rotator/**/*.class]
DEBUG: org.springframework.core.io.support.PathMatchingResourcePatternResolver - Searching directory [C:\Users\kevin\workspace\java\rotator\target\classes\com\cn\rotator\domain] for files matching pattern [C:/Users/kevin/workspace/java/rotator/target/classes/com/cn/rotator/**/*.class]
DEBUG: org.springframework.core.io.support.PathMatchingResourcePatternResolver - Searching directory [C:\Users\kevin\workspace\java\rotator\target\classes\com\cn\rotator\domain\dao] for files matching pattern [C:/Users/kevin/workspace/java/rotator/target/classes/com/cn/rotator/**/*.class]
DEBUG: org.springframework.core.io.support.PathMatchingResourcePatternResolver - Searching directory [C:\Users\kevin\workspace\java\rotator\target\classes\com\cn\rotator\domain\dao\jpa] for files matching pattern [C:/Users/kevin/workspace/java/rotator/target/classes/com/cn/rotator/**/*.class]
DEBUG: org.springframework.core.io.support.PathMatchingResourcePatternResolver - Searching directory [C:\Users\kevin\workspace\java\rotator\target\classes\com\cn\rotator\domain\dom] for files matching pattern [C:/Users/kevin/workspace/java/rotator/target/classes/com/cn/rotator/**/*.class]
DEBUG: org.springframework.core.io.support.PathMatchingResourcePatternResolver - Searching directory [C:\Users\kevin\workspace\java\rotator\target\classes\com\cn\rotator\service] for files matching pattern [C:/Users/kevin/workspace/java/rotator/target/classes/com/cn/rotator/**/*.class]
DEBUG: org.springframework.core.io.support.PathMatchingResourcePatternResolver - Searching directory [C:\Users\kevin\workspace\java\rotator\target\classes\com\cn\rotator\service\jpa] for files matching pattern [C:/Users/kevin/workspace/java/rotator/target/classes/com/cn/rotator/**/*.class]
DEBUG: org.springframework.core.io.support.PathMatchingResourcePatternResolver - Searching directory [C:\Users\kevin\workspace\java\rotator\target\classes\com\cn\rotator\web] for files matching pattern [C:/Users/kevin/workspace/java/rotator/target/classes/com/cn/rotator/**/*.class]
DEBUG: org.springframework.core.io.support.PathMatchingResourcePatternResolver - Resolved location pattern [classpath*:com/cn/rotator/**/*.class] to resources [file [C:\Users\kevin\workspace\java\rotator\target\test-classes\com\cn\rotator\domain\dao\RotatorDaoTest.class], file [C:\Users\kevin\workspace\java\rotator\target\classes\com\cn\rotator\domain\dao\jpa\JpaRotatorDao.class], file [C:\Users\kevin\workspace\java\rotator\target\classes\com\cn\rotator\domain\dao\jpa\JpaRotatorDestinationPathDao.class], file [C:\Users\kevin\workspace\java\rotator\target\classes\com\cn\rotator\domain\dao\RotatorDao.class], file [C:\Users\kevin\workspace\java\rotator\target\classes\com\cn\rotator\domain\dao\RotatorDestinationPathDao.class], file [C:\Users\kevin\workspace\java\rotator\target\classes\com\cn\rotator\domain\dom\Advertiser.class], file [C:\Users\kevin\workspace\java\rotator\target\classes\com\cn\rotator\domain\dom\CampaignReportingType.class], file [C:\Users\kevin\workspace\java\rotator\target\classes\com\cn\rotator\domain\dom\CampaignType.class], file [C:\Users\kevin\workspace\java\rotator\target\classes\com\cn\rotator\domain\dom\ConvertedTraffic.class], file [C:\Users\kevin\workspace\java\rotator\target\classes\com\cn\rotator\domain\dom\Countryurlcampaign.class], file [C:\Users\kevin\workspace\java\rotator\target\classes\com\cn\rotator\domain\dom\Rotator.class], file [C:\Users\kevin\workspace\java\rotator\target\classes\com\cn\rotator\domain\dom\RotatorDestinationPath.class], file [C:\Users\kevin\workspace\java\rotator\target\classes\com\cn\rotator\service\jpa\JpaRotatorService.class], file [C:\Users\kevin\workspace\java\rotator\target\classes\com\cn\rotator\service\RotatorService.class], file [C:\Users\kevin\workspace\java\rotator\target\classes\com\cn\rotator\web\GoController.class]]
DEBUG: org.springframework.context.annotation.ClassPathBeanDefinitionScanner - Identified candidate component class: file [C:\Users\kevin\workspace\java\rotator\target\classes\com\cn\rotator\domain\dao\jpa\JpaRotatorDao.class]
DEBUG: org.springframework.context.annotation.ClassPathBeanDefinitionScanner - Identified candidate component class: file [C:\Users\kevin\workspace\java\rotator\target\classes\com\cn\rotator\domain\dao\jpa\JpaRotatorDestinationPathDao.class]
DEBUG: org.springframework.context.annotation.ClassPathBeanDefinitionScanner - Identified candidate component class: file [C:\Users\kevin\workspace\java\rotator\target\classes\com\cn\rotator\service\jpa\JpaRotatorService.class]
DEBUG: org.springframework.context.annotation.ClassPathBeanDefinitionScanner - Identified candidate component class: file [C:\Users\kevin\workspace\java\rotator\target\classes\com\cn\rotator\web\GoController.class]
DEBUG: org.springframework.beans.factory.xml.BeanDefinitionParserDelegate - Neither XML &apos;id&apos; nor &apos;name&apos; specified - using generated bean name [org.springframework.orm.jpa.support.PersistenceAnnotationBeanPostProcessor#0]
DEBUG: org.springframework.beans.factory.xml.BeanDefinitionParserDelegate - Neither XML &apos;id&apos; nor &apos;name&apos; specified - using generated bean name [org.springframework.web.servlet.view.InternalResourceViewResolver#0]
DEBUG: org.springframework.beans.factory.xml.XmlBeanDefinitionReader - Loaded 22 bean definitions from location pattern [file:src/test/resources/spring/rotator-config.xml]
INFO : org.springframework.context.support.GenericApplicationContext - Refreshing org.springframework.context.support.GenericApplicationContext@42472d48: startup date [Mon Apr 04 12:54:42 PDT 2011]; root of context hierarchy
DEBUG: org.springframework.context.support.GenericApplicationContext - Bean factory for org.springframework.context.support.GenericApplicationContext@42472d48: org.springframework.beans.factory.support.DefaultListableBeanFactory@214a7a12: defining beans [jpaRotatorDao,jpaRotatorDestinationPathDao,rotatorService,goController,org.springframework.context.annotation.internalConfigurationAnnotationProcessor,org.springframework.context.annotation.internalAutowiredAnnotationProcessor,org.springframework.context.annotation.internalRequiredAnnotationProcessor,org.springframework.context.annotation.internalCommonAnnotationProcessor,org.springframework.context.annotation.internalPersistenceAnnotationProcessor,org.springframework.beans.factory.config.PropertyPlaceholderConfigurer#0,org.springframework.aop.config.internalAutoProxyCreator,org.springframework.transaction.annotation.AnnotationTransactionAttributeSource#0,org.springframework.transaction.interceptor.TransactionInterceptor#0,org.springframework.transaction.config.internalTransactionAdvisor,org.springframework.orm.jpa.support.PersistenceAnnotationBeanPostProcessor#0,dataSource,transactionManager,entityManagerFactory,jpaAdapter,org.springframework.web.servlet.config.viewControllerHandlerAdapter,org.springframework.web.servlet.config.viewControllerHandlerMapping,org.springframework.web.servlet.view.InternalResourceViewResolver#0]; root of factory hierarchy
DEBUG: org.springframework.beans.factory.support.DefaultListableBeanFactory - Creating shared instance of singleton bean &apos;org.springframework.context.annotation.internalConfigurationAnnotationProcessor&apos;
DEBUG: org.springframework.beans.factory.support.DefaultListableBeanFactory - Creating instance of bean &apos;org.springframework.context.annotation.internalConfigurationAnnotationProcessor&apos;
DEBUG: org.springframework.beans.factory.support.DefaultListableBeanFactory - Eagerly caching bean &apos;org.springframework.context.annotation.internalConfigurationAnnotationProcessor&apos; to allow for resolving potential circular references
DEBUG: org.springframework.beans.factory.support.DefaultListableBeanFactory - Finished creating instance of bean &apos;org.springframework.context.annotation.internalConfigurationAnnotationProcessor&apos;
DEBUG: org.springframework.beans.factory.support.DefaultListableBeanFactory - Creating shared instance of singleton bean &apos;org.springframework.beans.factory.config.PropertyPlaceholderConfigurer#0&apos;
DEBUG: org.springframework.beans.factory.support.DefaultListableBeanFactory - Creating instance of bean &apos;org.springframework.beans.factory.config.PropertyPlaceholderConfigurer#0&apos;
DEBUG: org.springframework.beans.factory.support.DefaultListableBeanFactory - Eagerly caching bean &apos;org.springframework.beans.factory.config.PropertyPlaceholderConfigurer#0&apos; to allow for resolving potential circular references
DEBUG: org.springframework.beans.factory.support.DefaultListableBeanFactory - Finished creating instance of bean &apos;org.springframework.beans.factory.config.PropertyPlaceholderConfigurer#0&apos;
INFO : org.springframework.beans.factory.config.PropertyPlaceholderConfigurer - Loading properties file from class path resource [jdbc.properties]
DEBUG: org.springframework.beans.factory.support.DefaultListableBeanFactory - Creating shared instance of singleton bean &apos;org.springframework.context.annotation.internalAutowiredAnnotationProcessor&apos;
DEBUG: org.springframework.beans.factory.support.DefaultListableBeanFactory - Creating instance of bean &apos;org.springframework.context.annotation.internalAutowiredAnnotationProcessor&apos;
INFO : org.springframework.beans.factory.annotation.AutowiredAnnotationBeanPostProcessor - JSR-330 &apos;javax.inject.Inject&apos; annotation found and supported for autowiring
DEBUG: org.springframework.beans.factory.support.DefaultListableBeanFactory - Eagerly caching bean &apos;org.springframework.context.annotation.internalAutowiredAnnotationProcessor&apos; to allow for resolving potential circular references
DEBUG: org.springframework.beans.factory.support.DefaultListableBeanFactory - Finished creating instance of bean &apos;org.springframework.context.annotation.internalAutowiredAnnotationProcessor&apos;
DEBUG: org.springframework.beans.factory.support.DefaultListableBeanFactory - Creating shared instance of singleton bean &apos;org.springframework.context.annotation.internalRequiredAnnotationProcessor&apos;
DEBUG: org.springframework.beans.factory.support.DefaultListableBeanFactory - Creating instance of bean &apos;org.springframework.context.annotation.internalRequiredAnnotationProcessor&apos;
DEBUG: org.springframework.beans.factory.support.DefaultListableBeanFactory - Eagerly caching bean &apos;org.springframework.context.annotation.internalRequiredAnnotationProcessor&apos; to allow for resolving potential circular references
DEBUG: org.springframework.beans.factory.support.DefaultListableBeanFactory - Finished creating instance of bean &apos;org.springframework.context.annotation.internalRequiredAnnotationProcessor&apos;
DEBUG: org.springframework.beans.factory.support.DefaultListableBeanFactory - Creating shared instance of singleton bean &apos;org.springframework.context.annotation.internalCommonAnnotationProcessor&apos;
DEBUG: org.springframework.beans.factory.support.DefaultListableBeanFactory - Creating instance of bean &apos;org.springframework.context.annotation.internalCommonAnnotationProcessor&apos;
DEBUG: org.springframework.beans.factory.support.DefaultListableBeanFactory - Eagerly caching bean &apos;org.springframework.context.annotation.internalCommonAnnotationProcessor&apos; to allow for resolving potential circular references
DEBUG: org.springframework.beans.factory.support.DefaultListableBeanFactory - Finished creating instance of bean &apos;org.springframework.context.annotation.internalCommonAnnotationProcessor&apos;
DEBUG: org.springframework.beans.factory.support.DefaultListableBeanFactory - Creating shared instance of singleton bean &apos;org.springframework.context.annotation.internalPersistenceAnnotationProcessor&apos;
DEBUG: org.springframework.beans.factory.support.DefaultListableBeanFactory - Creating instance of bean &apos;org.springframework.context.annotation.internalPersistenceAnnotationProcessor&apos;
DEBUG: org.springframework.beans.factory.support.DefaultListableBeanFactory - Eagerly caching bean &apos;org.springframework.context.annotation.internalPersistenceAnnotationProcessor&apos; to allow for resolving potential circular references
DEBUG: org.springframework.beans.factory.support.DefaultListableBeanFactory - Finished creating instance of bean &apos;org.springframework.context.annotation.internalPersistenceAnnotationProcessor&apos;
DEBUG: org.springframework.beans.factory.support.DefaultListableBeanFactory - Creating shared instance of singleton bean &apos;org.springframework.orm.jpa.support.PersistenceAnnotationBeanPostProcessor#0&apos;
DEBUG: org.springframework.beans.factory.support.DefaultListableBeanFactory - Creating instance of bean &apos;org.springframework.orm.jpa.support.PersistenceAnnotationBeanPostProcessor#0&apos;
DEBUG: org.springframework.beans.factory.support.DefaultListableBeanFactory - Eagerly caching bean &apos;org.springframework.orm.jpa.support.PersistenceAnnotationBeanPostProcessor#0&apos; to allow for resolving potential circular references
DEBUG: org.springframework.beans.factory.support.DefaultListableBeanFactory - Finished creating instance of bean &apos;org.springframework.orm.jpa.support.PersistenceAnnotationBeanPostProcessor#0&apos;
DEBUG: org.springframework.beans.factory.support.DefaultListableBeanFactory - Creating shared instance of singleton bean &apos;org.springframework.aop.config.internalAutoProxyCreator&apos;
DEBUG: org.springframework.beans.factory.support.DefaultListableBeanFactory - Creating instance of bean &apos;org.springframework.aop.config.internalAutoProxyCreator&apos;
DEBUG: org.springframework.beans.factory.support.DefaultListableBeanFactory - Eagerly caching bean &apos;org.springframework.aop.config.internalAutoProxyCreator&apos; to allow for resolving potential circular references
DEBUG: org.springframework.beans.factory.support.DefaultListableBeanFactory - Finished creating instance of bean &apos;org.springframework.aop.config.internalAutoProxyCreator&apos;
DEBUG: org.springframework.context.support.GenericApplicationContext - Unable to locate MessageSource with name &apos;messageSource&apos;: using default [org.springframework.context.support.DelegatingMessageSource@26d58939]
DEBUG: org.springframework.context.support.GenericApplicationContext - Unable to locate ApplicationEventMulticaster with name &apos;applicationEventMulticaster&apos;: using default [org.springframework.context.event.SimpleApplicationEventMulticaster@298488ef]
INFO : org.springframework.beans.factory.support.DefaultListableBeanFactory - Pre-instantiating singletons in org.springframework.beans.factory.support.DefaultListableBeanFactory@214a7a12: defining beans [jpaRotatorDao,jpaRotatorDestinationPathDao,rotatorService,goController,org.springframework.context.annotation.internalConfigurationAnnotationProcessor,org.springframework.context.annotation.internalAutowiredAnnotationProcessor,org.springframework.context.annotation.internalRequiredAnnotationProcessor,org.springframework.context.annotation.internalCommonAnnotationProcessor,org.springframework.context.annotation.internalPersistenceAnnotationProcessor,org.springframework.beans.factory.config.PropertyPlaceholderConfigurer#0,org.springframework.aop.config.internalAutoProxyCreator,org.springframework.transaction.annotation.AnnotationTransactionAttributeSource#0,org.springframework.transaction.interceptor.TransactionInterceptor#0,org.springframework.transaction.config.internalTransactionAdvisor,org.springframework.orm.jpa.support.PersistenceAnnotationBeanPostProcessor#0,dataSource,transactionManager,entityManagerFactory,jpaAdapter,org.springframework.web.servlet.config.viewControllerHandlerAdapter,org.springframework.web.servlet.config.viewControllerHandlerMapping,org.springframework.web.servlet.view.InternalResourceViewResolver#0]; root of factory hierarchy
DEBUG: org.springframework.beans.factory.support.DefaultListableBeanFactory - Creating shared instance of singleton bean &apos;jpaRotatorDao&apos;
DEBUG: org.springframework.beans.factory.support.DefaultListableBeanFactory - Creating instance of bean &apos;jpaRotatorDao&apos;
DEBUG: org.springframework.beans.factory.annotation.InjectionMetadata - Found injected element on class [com.cn.rotator.domain.dao.jpa.JpaRotatorDao]: PersistenceElement for public void com.cn.rotator.domain.dao.jpa.JpaRotatorDao.setEntityManager(javax.persistence.EntityManager)
DEBUG: org.springframework.beans.factory.annotation.InjectionMetadata - Found injected element on class [com.cn.rotator.domain.dao.jpa.JpaRotatorDao]: PersistenceElement for public void com.cn.rotator.domain.dao.jpa.JpaRotatorDao.setEntityManager(javax.persistence.EntityManager)
DEBUG: org.springframework.beans.factory.support.DefaultListableBeanFactory - Eagerly caching bean &apos;jpaRotatorDao&apos; to allow for resolving potential circular references
DEBUG: org.springframework.beans.factory.annotation.InjectionMetadata - Processing injected method of bean &apos;jpaRotatorDao&apos;: PersistenceElement for public void com.cn.rotator.domain.dao.jpa.JpaRotatorDao.setEntityManager(javax.persistence.EntityManager)
DEBUG: org.springframework.beans.factory.support.DefaultListableBeanFactory - Creating shared instance of singleton bean &apos;entityManagerFactory&apos;
DEBUG: org.springframework.beans.factory.support.DefaultListableBeanFactory - Creating instance of bean &apos;entityManagerFactory&apos;
DEBUG: org.springframework.beans.factory.support.DefaultListableBeanFactory - Eagerly caching bean &apos;entityManagerFactory&apos; to allow for resolving potential circular references
DEBUG: org.springframework.beans.factory.support.DefaultListableBeanFactory - Creating shared instance of singleton bean &apos;dataSource&apos;
DEBUG: org.springframework.beans.factory.support.DefaultListableBeanFactory - Creating instance of bean &apos;dataSource&apos;
DEBUG: org.springframework.beans.factory.support.DefaultListableBeanFactory - Eagerly caching bean &apos;dataSource&apos; to allow for resolving potential circular references
INFO : org.springframework.jdbc.datasource.DriverManagerDataSource - Loaded JDBC driver: org.hibernate.dialect.MySQLDialect
DEBUG: org.springframework.beans.factory.support.DefaultListableBeanFactory - Creating shared instance of singleton bean &apos;org.springframework.transaction.config.internalTransactionAdvisor&apos;
DEBUG: org.springframework.beans.factory.support.DefaultListableBeanFactory - Creating instance of bean &apos;org.springframework.transaction.config.internalTransactionAdvisor&apos;
DEBUG: org.springframework.beans.factory.support.DefaultListableBeanFactory - Eagerly caching bean &apos;org.springframework.transaction.config.internalTransactionAdvisor&apos; to allow for resolving potential circular references
DEBUG: org.springframework.beans.factory.support.DefaultListableBeanFactory - Creating shared instance of singleton bean &apos;org.springframework.transaction.annotation.AnnotationTransactionAttributeSource#0&apos;
DEBUG: org.springframework.beans.factory.support.DefaultListableBeanFactory - Creating instance of bean &apos;org.springframework.transaction.annotation.AnnotationTransactionAttributeSource#0&apos;
DEBUG: org.springframework.beans.factory.support.DefaultListableBeanFactory - Eagerly caching bean &apos;org.springframework.transaction.annotation.AnnotationTransactionAttributeSource#0&apos; to allow for resolving potential circular references
DEBUG: org.springframework.beans.factory.support.DefaultListableBeanFactory - Finished creating instance of bean &apos;org.springframework.transaction.annotation.AnnotationTransactionAttributeSource#0&apos;
DEBUG: org.springframework.beans.factory.support.DefaultListableBeanFactory - Finished creating instance of bean &apos;org.springframework.transaction.config.internalTransactionAdvisor&apos;
DEBUG: org.springframework.beans.factory.support.DefaultListableBeanFactory - Finished creating instance of bean &apos;dataSource&apos;
DEBUG: org.springframework.beans.factory.support.DefaultListableBeanFactory - Creating shared instance of singleton bean &apos;jpaAdapter&apos;
DEBUG: org.springframework.beans.factory.support.DefaultListableBeanFactory - Creating instance of bean &apos;jpaAdapter&apos;
DEBUG: org.springframework.beans.factory.support.DefaultListableBeanFactory - Eagerly caching bean &apos;jpaAdapter&apos; to allow for resolving potential circular references
DEBUG: org.springframework.beans.BeanUtils - No property editor [org.springframework.orm.jpa.vendor.DatabaseEditor] found for type org.springframework.orm.jpa.vendor.Database according to &apos;Editor&apos; suffix convention
DEBUG: org.springframework.beans.factory.support.DefaultListableBeanFactory - Returning cached instance of singleton bean &apos;org.springframework.transaction.config.internalTransactionAdvisor&apos;
DEBUG: org.springframework.beans.factory.support.DefaultListableBeanFactory - Finished creating instance of bean &apos;jpaAdapter&apos;
DEBUG: org.springframework.beans.factory.support.DefaultListableBeanFactory - Invoking afterPropertiesSet() on bean with name &apos;entityManagerFactory&apos;
INFO : org.springframework.orm.jpa.LocalContainerEntityManagerFactoryBean - Building JPA container EntityManagerFactory for persistence unit &apos;rotator&apos;
INFO : org.hibernate.cfg.annotations.Version - Hibernate Annotations 3.5.0.Beta1
INFO : org.hibernate.cfg.Environment - Hibernate 3.5.0-Beta-2
INFO : org.hibernate.cfg.Environment - hibernate.properties not found
INFO : org.hibernate.cfg.Environment - Bytecode provider name : javassist
INFO : org.hibernate.cfg.Environment - using JDK 1.4 java.sql.Timestamp handling
DEBUG: org.hibernate.id.factory.DefaultIdentifierGeneratorFactory - Registering IdentifierGenerator strategy [uuid] -&gt; [class org.hibernate.id.UUIDHexGenerator]
DEBUG: org.hibernate.id.factory.DefaultIdentifierGeneratorFactory - Registering IdentifierGenerator strategy [hilo] -&gt; [class org.hibernate.id.TableHiLoGenerator]
DEBUG: org.hibernate.id.factory.DefaultIdentifierGeneratorFactory - Registering IdentifierGenerator strategy [assigned] -&gt; [class org.hibernate.id.Assigned]
DEBUG: org.hibernate.id.factory.DefaultIdentifierGeneratorFactory - Registering IdentifierGenerator strategy [identity] -&gt; [class org.hibernate.id.IdentityGenerator]
DEBUG: org.hibernate.id.factory.DefaultIdentifierGeneratorFactory - Registering IdentifierGenerator strategy [select] -&gt; [class org.hibernate.id.SelectGenerator]
DEBUG: org.hibernate.id.factory.DefaultIdentifierGeneratorFactory - Registering IdentifierGenerator strategy [sequence] -&gt; [class org.hibernate.id.SequenceGenerator]
DEBUG: org.hibernate.id.factory.DefaultIdentifierGeneratorFactory - Registering IdentifierGenerator strategy [seqhilo] -&gt; [class org.hibernate.id.SequenceHiLoGenerator]
DEBUG: org.hibernate.id.factory.DefaultIdentifierGeneratorFactory - Registering IdentifierGenerator strategy [increment] -&gt; [class org.hibernate.id.IncrementGenerator]
DEBUG: org.hibernate.id.factory.DefaultIdentifierGeneratorFactory - Registering IdentifierGenerator strategy [foreign] -&gt; [class org.hibernate.id.ForeignGenerator]
DEBUG: org.hibernate.id.factory.DefaultIdentifierGeneratorFactory - Registering IdentifierGenerator strategy [guid] -&gt; [class org.hibernate.id.GUIDGenerator]
DEBUG: org.hibernate.id.factory.DefaultIdentifierGeneratorFactory - Registering IdentifierGenerator strategy [uuid.hex] -&gt; [class org.hibernate.id.UUIDHexGenerator]
DEBUG: org.hibernate.id.factory.DefaultIdentifierGeneratorFactory - Registering IdentifierGenerator strategy [sequence-identity] -&gt; [class org.hibernate.id.SequenceIdentityGenerator]
DEBUG: org.hibernate.id.factory.DefaultIdentifierGeneratorFactory - Registering IdentifierGenerator strategy [enhanced-sequence] -&gt; [class org.hibernate.id.enhanced.SequenceStyleGenerator]
DEBUG: org.hibernate.id.factory.DefaultIdentifierGeneratorFactory - Registering IdentifierGenerator strategy [enhanced-table] -&gt; [class org.hibernate.id.enhanced.TableGenerator]
INFO : org.hibernate.annotations.common.Version - Hibernate Commons Annotations 3.2.0-SNAPSHOT
INFO : org.hibernate.ejb.Version - Hibernate EntityManager 3.5.0.Beta1
DEBUG: org.hibernate.id.factory.DefaultIdentifierGeneratorFactory - Registering IdentifierGenerator strategy [uuid] -&gt; [class org.hibernate.id.UUIDHexGenerator]
DEBUG: org.hibernate.id.factory.DefaultIdentifierGeneratorFactory - Registering IdentifierGenerator strategy [hilo] -&gt; [class org.hibernate.id.TableHiLoGenerator]
DEBUG: org.hibernate.id.factory.DefaultIdentifierGeneratorFactory - Registering IdentifierGenerator strategy [assigned] -&gt; [class org.hibernate.id.Assigned]
DEBUG: org.hibernate.id.factory.DefaultIdentifierGeneratorFactory - Registering IdentifierGenerator strategy [identity] -&gt; [class org.hibernate.id.IdentityGenerator]
DEBUG: org.hibernate.id.factory.DefaultIdentifierGeneratorFactory - Registering IdentifierGenerator strategy [select] -&gt; [class org.hibernate.id.SelectGenerator]
DEBUG: org.hibernate.id.factory.DefaultIdentifierGeneratorFactory - Registering IdentifierGenerator strategy [sequence] -&gt; [class org.hibernate.id.SequenceGenerator]
DEBUG: org.hibernate.id.factory.DefaultIdentifierGeneratorFactory - Registering IdentifierGenerator strategy [seqhilo] -&gt; [class org.hibernate.id.SequenceHiLoGenerator]
DEBUG: org.hibernate.id.factory.DefaultIdentifierGeneratorFactory - Registering IdentifierGenerator strategy [increment] -&gt; [class org.hibernate.id.IncrementGenerator]
DEBUG: org.hibernate.id.factory.DefaultIdentifierGeneratorFactory - Registering IdentifierGenerator strategy [foreign] -&gt; [class org.hibernate.id.ForeignGenerator]
DEBUG: org.hibernate.id.factory.DefaultIdentifierGeneratorFactory - Registering IdentifierGenerator strategy [guid] -&gt; [class org.hibernate.id.GUIDGenerator]
DEBUG: org.hibernate.id.factory.DefaultIdentifierGeneratorFactory - Registering IdentifierGenerator strategy [uuid.hex] -&gt; [class org.hibernate.id.UUIDHexGenerator]
DEBUG: org.hibernate.id.factory.DefaultIdentifierGeneratorFactory - Registering IdentifierGenerator strategy [sequence-identity] -&gt; [class org.hibernate.id.SequenceIdentityGenerator]
DEBUG: org.hibernate.id.factory.DefaultIdentifierGeneratorFactory - Registering IdentifierGenerator strategy [enhanced-sequence] -&gt; [class org.hibernate.id.enhanced.SequenceStyleGenerator]
DEBUG: org.hibernate.id.factory.DefaultIdentifierGeneratorFactory - Registering IdentifierGenerator strategy [enhanced-table] -&gt; [class org.hibernate.id.enhanced.TableGenerator]
DEBUG: org.hibernate.ejb.Ejb3Configuration - Processing PersistenceUnitInfo [
	name: rotator
	persistence provider classname: null
	classloader: sun.misc.Launcher$AppClassLoader@6d6f0472
	Temporary classloader: org.springframework.instrument.classloading.SimpleThrowawayClassLoader@13cc0a7f
	excludeUnlistedClasses: false
	JTA datasource: null
	Non JTA datasource: org.springframework.jdbc.datasource.DriverManagerDataSource@38c52200
	Transaction type: RESOURCE_LOCAL
	PU root URL: file:/C:/Users/kevin/workspace/java/rotator/target/classes/
	Jar files URLs []
	Managed classes names [
		com.cn.rotator.domain.dom.Rotator
		com.cn.rotator.domain.dom.RotatorDestinationPath]
	Mapping files names []
	Properties []
DEBUG: org.hibernate.ejb.Ejb3Configuration - Detect class: true; detect hbm: true
DEBUG: org.hibernate.ejb.Ejb3Configuration - Detect class: true; detect hbm: true
DEBUG: org.hibernate.ejb.packaging.AbstractJarVisitor - Searching mapped entities in jar/par: file:/C:/Users/kevin/workspace/java/rotator/target/classes/
DEBUG: org.hibernate.ejb.packaging.AbstractJarVisitor - Filtering: com.cn.rotator.domain.dao.jpa.JpaRotatorDao
DEBUG: org.hibernate.ejb.packaging.AbstractJarVisitor - Filtering: com.cn.rotator.domain.dao.jpa.JpaRotatorDestinationPathDao
DEBUG: org.hibernate.ejb.packaging.AbstractJarVisitor - Filtering: com.cn.rotator.domain.dao.RotatorDao
DEBUG: org.hibernate.ejb.packaging.AbstractJarVisitor - Filtering: com.cn.rotator.domain.dao.RotatorDestinationPathDao
DEBUG: org.hibernate.ejb.packaging.AbstractJarVisitor - Filtering: com.cn.rotator.domain.dom.Advertiser
DEBUG: org.hibernate.ejb.packaging.AbstractJarVisitor - Java element filter matched for com.cn.rotator.domain.dom.Advertiser
DEBUG: org.hibernate.ejb.packaging.AbstractJarVisitor - Filtering: com.cn.rotator.domain.dom.CampaignReportingType
DEBUG: org.hibernate.ejb.packaging.AbstractJarVisitor - Java element filter matched for com.cn.rotator.domain.dom.CampaignReportingType
DEBUG: org.hibernate.ejb.packaging.AbstractJarVisitor - Filtering: com.cn.rotator.domain.dom.CampaignType
DEBUG: org.hibernate.ejb.packaging.AbstractJarVisitor - Java element filter matched for com.cn.rotator.domain.dom.CampaignType
DEBUG: org.hibernate.ejb.packaging.AbstractJarVisitor - Filtering: com.cn.rotator.domain.dom.ConvertedTraffic
DEBUG: org.hibernate.ejb.packaging.AbstractJarVisitor - Java element filter matched for com.cn.rotator.domain.dom.ConvertedTraffic
DEBUG: org.hibernate.ejb.packaging.AbstractJarVisitor - Filtering: com.cn.rotator.domain.dom.Countryurlcampaign
DEBUG: org.hibernate.ejb.packaging.AbstractJarVisitor - Java element filter matched for com.cn.rotator.domain.dom.Countryurlcampaign
DEBUG: org.hibernate.ejb.packaging.AbstractJarVisitor - Filtering: com.cn.rotator.domain.dom.Rotator
DEBUG: org.hibernate.ejb.packaging.AbstractJarVisitor - Java element filter matched for com.cn.rotator.domain.dom.Rotator
DEBUG: org.hibernate.ejb.packaging.AbstractJarVisitor - Filtering: com.cn.rotator.domain.dom.RotatorDestinationPath
DEBUG: org.hibernate.ejb.packaging.AbstractJarVisitor - Java element filter matched for com.cn.rotator.domain.dom.RotatorDestinationPath
DEBUG: org.hibernate.ejb.packaging.AbstractJarVisitor - Filtering: com.cn.rotator.service.jpa.JpaRotatorService
DEBUG: org.hibernate.ejb.packaging.AbstractJarVisitor - Filtering: com.cn.rotator.service.RotatorService
DEBUG: org.hibernate.ejb.packaging.AbstractJarVisitor - Filtering: com.cn.rotator.web.GoController
DEBUG: org.hibernate.cfg.AnnotationConfiguration - Execute first pass mapping processing
DEBUG: org.hibernate.cfg.AnnotationConfiguration - Process hbm files
DEBUG: org.hibernate.cfg.AnnotationConfiguration - Process annotated classes
INFO : org.hibernate.cfg.AnnotationBinder - Binding entity from annotated class: com.cn.rotator.domain.dom.Rotator
DEBUG: org.hibernate.cfg.Ejb3Column - Binding column DTYPE. Unique false. Nullable false.
DEBUG: org.hibernate.cfg.annotations.EntityBinder - Import with entity name Rotator
INFO : org.hibernate.cfg.annotations.EntityBinder - Bind entity com.cn.rotator.domain.dom.Rotator on table Rotator
DEBUG: org.hibernate.cfg.AnnotationBinder - Processing com.cn.rotator.domain.dom.Rotator property annotation
DEBUG: org.hibernate.cfg.AnnotationBinder - Processing com.cn.rotator.domain.dom.Rotator field annotation
DEBUG: org.hibernate.cfg.AnnotationBinder - Processing annotations of com.cn.rotator.domain.dom.Rotator.id
DEBUG: org.hibernate.cfg.Ejb3Column - Binding column id. Unique false. Nullable false.
DEBUG: org.hibernate.cfg.AnnotationBinder - id is an id
DEBUG: org.hibernate.cfg.annotations.SimpleValueBinder - building SimpleValue for id
DEBUG: org.hibernate.cfg.annotations.PropertyBinder - Building property id
DEBUG: org.hibernate.cfg.AnnotationBinder - Bind @Id on id
DEBUG: org.hibernate.cfg.AnnotationBinder - Processing annotations of com.cn.rotator.domain.dom.Rotator.active
DEBUG: org.hibernate.cfg.Ejb3Column - Binding column active. Unique false. Nullable true.
DEBUG: org.hibernate.cfg.annotations.PropertyBinder - binding property active with lazy=false
DEBUG: org.hibernate.cfg.annotations.SimpleValueBinder - building SimpleValue for active
DEBUG: org.hibernate.cfg.annotations.PropertyBinder - Building property active
DEBUG: org.hibernate.cfg.AnnotationBinder - Processing annotations of com.cn.rotator.domain.dom.Rotator.createdAt
DEBUG: org.hibernate.cfg.Ejb3Column - Binding column created_at. Unique false. Nullable true.
DEBUG: org.hibernate.cfg.annotations.PropertyBinder - binding property createdAt with lazy=false
DEBUG: org.hibernate.cfg.annotations.SimpleValueBinder - building SimpleValue for createdAt
DEBUG: org.hibernate.cfg.annotations.PropertyBinder - Building property createdAt
DEBUG: org.hibernate.cfg.AnnotationBinder - Processing annotations of com.cn.rotator.domain.dom.Rotator.rotatorDestinationPaths
DEBUG: org.hibernate.cfg.Ejb3Column - Binding column rotator_id. Unique false. Nullable true.
DEBUG: org.hibernate.cfg.Ejb3Column - Binding column rotatorDestinationPaths. Unique false. Nullable true.
DEBUG: org.hibernate.cfg.Ejb3Column - Binding column null. Unique false. Nullable true.
DEBUG: org.hibernate.cfg.Ejb3Column - Binding column element. Unique false. Nullable true.
DEBUG: org.hibernate.cfg.Ejb3Column - Binding column rotatorDestinationPaths_KEY. Unique false. Nullable true.
DEBUG: org.hibernate.cfg.Ejb3Column - Binding column rotatorDestinationPaths_KEY. Unique false. Nullable true.
DEBUG: org.hibernate.cfg.Ejb3Column - Binding column null. Unique false. Nullable false.
DEBUG: org.hibernate.cfg.Ejb3Column - Binding column null. Unique false. Nullable false.
DEBUG: org.hibernate.cfg.annotations.CollectionBinder - Collection role: com.cn.rotator.domain.dom.Rotator.rotatorDestinationPaths
DEBUG: org.hibernate.cfg.annotations.PropertyBinder - Building property rotatorDestinationPaths
DEBUG: org.hibernate.cfg.AnnotationBinder - Processing annotations of com.cn.rotator.domain.dom.Rotator.rotatorName
DEBUG: org.hibernate.cfg.Ejb3Column - Binding column rotator_name. Unique false. Nullable true.
DEBUG: org.hibernate.cfg.annotations.PropertyBinder - binding property rotatorName with lazy=false
DEBUG: org.hibernate.cfg.annotations.SimpleValueBinder - building SimpleValue for rotatorName
DEBUG: org.hibernate.cfg.annotations.PropertyBinder - Building property rotatorName
DEBUG: org.hibernate.cfg.AnnotationBinder - Processing annotations of com.cn.rotator.domain.dom.Rotator.updatedAt
DEBUG: org.hibernate.cfg.Ejb3Column - Binding column updated_at. Unique false. Nullable true.
DEBUG: org.hibernate.cfg.annotations.PropertyBinder - binding property updatedAt with lazy=false
DEBUG: org.hibernate.cfg.annotations.SimpleValueBinder - building SimpleValue for updatedAt
DEBUG: org.hibernate.cfg.annotations.PropertyBinder - Building property updatedAt
INFO : org.hibernate.cfg.AnnotationBinder - Binding entity from annotated class: com.cn.rotator.domain.dom.RotatorDestinationPath
DEBUG: org.hibernate.cfg.Ejb3Column - Binding column DTYPE. Unique false. Nullable false.
DEBUG: org.hibernate.cfg.annotations.EntityBinder - Import with entity name RotatorDestinationPath
INFO : org.hibernate.cfg.annotations.EntityBinder - Bind entity com.cn.rotator.domain.dom.RotatorDestinationPath on table RotatorDestinationPath
DEBUG: org.hibernate.cfg.AnnotationBinder - Processing com.cn.rotator.domain.dom.RotatorDestinationPath property annotation
DEBUG: org.hibernate.cfg.AnnotationBinder - Processing com.cn.rotator.domain.dom.RotatorDestinationPath field annotation
DEBUG: org.hibernate.cfg.AnnotationBinder - Processing annotations of com.cn.rotator.domain.dom.RotatorDestinationPath.id
DEBUG: org.hibernate.cfg.Ejb3Column - Binding column id. Unique false. Nullable false.
DEBUG: org.hibernate.cfg.AnnotationBinder - id is an id
DEBUG: org.hibernate.cfg.annotations.SimpleValueBinder - building SimpleValue for id
DEBUG: org.hibernate.cfg.annotations.PropertyBinder - Building property id
DEBUG: org.hibernate.cfg.AnnotationBinder - Bind @Id on id
DEBUG: org.hibernate.cfg.AnnotationBinder - Processing annotations of com.cn.rotator.domain.dom.RotatorDestinationPath.active
DEBUG: org.hibernate.cfg.Ejb3Column - Binding column active. Unique false. Nullable true.
DEBUG: org.hibernate.cfg.annotations.PropertyBinder - binding property active with lazy=false
DEBUG: org.hibernate.cfg.annotations.SimpleValueBinder - building SimpleValue for active
DEBUG: org.hibernate.cfg.annotations.PropertyBinder - Building property active
DEBUG: org.hibernate.cfg.AnnotationBinder - Processing annotations of com.cn.rotator.domain.dom.RotatorDestinationPath.createdAt
DEBUG: org.hibernate.cfg.Ejb3Column - Binding column created_at. Unique false. Nullable true.
DEBUG: org.hibernate.cfg.annotations.PropertyBinder - binding property createdAt with lazy=false
DEBUG: org.hibernate.cfg.annotations.SimpleValueBinder - building SimpleValue for createdAt
DEBUG: org.hibernate.cfg.annotations.PropertyBinder - Building property createdAt
DEBUG: org.hibernate.cfg.AnnotationBinder - Processing annotations of com.cn.rotator.domain.dom.RotatorDestinationPath.pathName
DEBUG: org.hibernate.cfg.Ejb3Column - Binding column path_name. Unique false. Nullable true.
DEBUG: org.hibernate.cfg.annotations.PropertyBinder - binding property pathName with lazy=false
DEBUG: org.hibernate.cfg.annotations.SimpleValueBinder - building SimpleValue for pathName
DEBUG: org.hibernate.cfg.annotations.PropertyBinder - Building property pathName
DEBUG: org.hibernate.cfg.AnnotationBinder - Processing annotations of com.cn.rotator.domain.dom.RotatorDestinationPath.pathPercent
DEBUG: org.hibernate.cfg.Ejb3Column - Binding column path_percent. Unique false. Nullable true.
DEBUG: org.hibernate.cfg.annotations.PropertyBinder - binding property pathPercent with lazy=false
DEBUG: org.hibernate.cfg.annotations.SimpleValueBinder - building SimpleValue for pathPercent
DEBUG: org.hibernate.cfg.annotations.PropertyBinder - Building property pathPercent
DEBUG: org.hibernate.cfg.AnnotationBinder - Processing annotations of com.cn.rotator.domain.dom.RotatorDestinationPath.rotator
DEBUG: org.hibernate.cfg.Ejb3Column - Binding column rotator_id. Unique false. Nullable true.
DEBUG: org.hibernate.cfg.Ejb3Column - Binding column rotator. Unique false. Nullable true.
DEBUG: org.hibernate.cfg.annotations.PropertyBinder - Building property rotator
DEBUG: org.hibernate.cfg.AnnotationBinder - Processing annotations of com.cn.rotator.domain.dom.RotatorDestinationPath.updatedAt
DEBUG: org.hibernate.cfg.Ejb3Column - Binding column updated_at. Unique false. Nullable true.
DEBUG: org.hibernate.cfg.annotations.PropertyBinder - binding property updatedAt with lazy=false
DEBUG: org.hibernate.cfg.annotations.SimpleValueBinder - building SimpleValue for updatedAt
DEBUG: org.hibernate.cfg.annotations.PropertyBinder - Building property updatedAt
DEBUG: org.hibernate.cfg.AnnotationBinder - Processing annotations of com.cn.rotator.domain.dom.RotatorDestinationPath.url
DEBUG: org.hibernate.cfg.Ejb3Column - Binding column url. Unique false. Nullable true.
DEBUG: org.hibernate.cfg.annotations.PropertyBinder - binding property url with lazy=false
DEBUG: org.hibernate.cfg.annotations.SimpleValueBinder - building SimpleValue for url
DEBUG: org.hibernate.cfg.annotations.PropertyBinder - Building property url
INFO : org.hibernate.cfg.AnnotationBinder - Binding entity from annotated class: com.cn.rotator.domain.dom.Advertiser
DEBUG: org.hibernate.cfg.Ejb3Column - Binding column DTYPE. Unique false. Nullable false.
DEBUG: org.hibernate.cfg.annotations.EntityBinder - Import with entity name Advertiser
INFO : org.hibernate.cfg.annotations.EntityBinder - Bind entity com.cn.rotator.domain.dom.Advertiser on table Advertiser
DEBUG: org.hibernate.cfg.AnnotationBinder - Processing com.cn.rotator.domain.dom.Advertiser property annotation
DEBUG: org.hibernate.cfg.AnnotationBinder - Processing annotations of com.cn.rotator.domain.dom.Advertiser.id
DEBUG: org.hibernate.cfg.Ejb3Column - Binding column id. Unique false. Nullable false.
DEBUG: org.hibernate.cfg.AnnotationBinder - id is an id
DEBUG: org.hibernate.cfg.annotations.SimpleValueBinder - building SimpleValue for id
DEBUG: org.hibernate.cfg.annotations.PropertyBinder - Building property id
DEBUG: org.hibernate.cfg.AnnotationBinder - Bind @Id on id
DEBUG: org.hibernate.cfg.AnnotationBinder - Processing annotations of com.cn.rotator.domain.dom.Advertiser.advertiserName
DEBUG: org.hibernate.cfg.Ejb3Column - Binding column advertiser_name. Unique false. Nullable false.
DEBUG: org.hibernate.cfg.annotations.PropertyBinder - binding property advertiserName with lazy=false
DEBUG: org.hibernate.cfg.annotations.SimpleValueBinder - building SimpleValue for advertiserName
DEBUG: org.hibernate.cfg.annotations.PropertyBinder - Building property advertiserName
INFO : org.hibernate.cfg.AnnotationBinder - Binding entity from annotated class: com.cn.rotator.domain.dom.CampaignReportingType
DEBUG: org.hibernate.cfg.Ejb3Column - Binding column DTYPE. Unique false. Nullable false.
DEBUG: org.hibernate.cfg.annotations.EntityBinder - Import with entity name CampaignReportingType
INFO : org.hibernate.cfg.annotations.EntityBinder - Bind entity com.cn.rotator.domain.dom.CampaignReportingType on table CampaignReportingType
DEBUG: org.hibernate.cfg.AnnotationBinder - Processing com.cn.rotator.domain.dom.CampaignReportingType property annotation
DEBUG: org.hibernate.cfg.AnnotationBinder - Processing annotations of com.cn.rotator.domain.dom.CampaignReportingType.id
DEBUG: org.hibernate.cfg.Ejb3Column - Binding column id. Unique false. Nullable false.
DEBUG: org.hibernate.cfg.AnnotationBinder - id is an id
DEBUG: org.hibernate.cfg.annotations.SimpleValueBinder - building SimpleValue for id
DEBUG: org.hibernate.cfg.annotations.PropertyBinder - Building property id
DEBUG: org.hibernate.cfg.AnnotationBinder - Bind @Id on id
DEBUG: org.hibernate.cfg.AnnotationBinder - Processing annotations of com.cn.rotator.domain.dom.CampaignReportingType.reportingType
DEBUG: org.hibernate.cfg.Ejb3Column - Binding column reporting_type. Unique false. Nullable true.
DEBUG: org.hibernate.cfg.annotations.PropertyBinder - binding property reportingType with lazy=false
DEBUG: org.hibernate.cfg.annotations.SimpleValueBinder - building SimpleValue for reportingType
DEBUG: org.hibernate.cfg.annotations.PropertyBinder - Building property reportingType
INFO : org.hibernate.cfg.AnnotationBinder - Binding entity from annotated class: com.cn.rotator.domain.dom.ConvertedTraffic
DEBUG: org.hibernate.cfg.Ejb3Column - Binding column DTYPE. Unique false. Nullable false.
DEBUG: org.hibernate.cfg.annotations.EntityBinder - Import with entity name ConvertedTraffic
INFO : org.hibernate.cfg.annotations.EntityBinder - Bind entity com.cn.rotator.domain.dom.ConvertedTraffic on table ConvertedTraffic
DEBUG: org.hibernate.cfg.AnnotationBinder - Processing com.cn.rotator.domain.dom.ConvertedTraffic property annotation
DEBUG: org.hibernate.cfg.AnnotationBinder - Processing annotations of com.cn.rotator.domain.dom.ConvertedTraffic.id
DEBUG: org.hibernate.cfg.Ejb3Column - Binding column id. Unique false. Nullable false.
DEBUG: org.hibernate.cfg.AnnotationBinder - id is an id
DEBUG: org.hibernate.cfg.annotations.SimpleValueBinder - building SimpleValue for id
DEBUG: org.hibernate.cfg.annotations.PropertyBinder - Building property id
DEBUG: org.hibernate.cfg.AnnotationBinder - Bind @Id on id
DEBUG: org.hibernate.cfg.AnnotationBinder - Processing annotations of com.cn.rotator.domain.dom.ConvertedTraffic.createdAt
DEBUG: org.hibernate.cfg.Ejb3Column - Binding column created_at. Unique false. Nullable true.
DEBUG: org.hibernate.cfg.annotations.PropertyBinder - binding property createdAt with lazy=false
DEBUG: org.hibernate.cfg.annotations.SimpleValueBinder - building SimpleValue for createdAt
DEBUG: org.hibernate.cfg.annotations.PropertyBinder - Building property createdAt
DEBUG: org.hibernate.cfg.AnnotationBinder - Processing annotations of com.cn.rotator.domain.dom.ConvertedTraffic.rawTrafficId
DEBUG: org.hibernate.cfg.Ejb3Column - Binding column raw_traffic_id. Unique false. Nullable true.
DEBUG: org.hibernate.cfg.annotations.PropertyBinder - binding property rawTrafficId with lazy=false
DEBUG: org.hibernate.cfg.annotations.SimpleValueBinder - building SimpleValue for rawTrafficId
DEBUG: org.hibernate.cfg.annotations.PropertyBinder - Building property rawTrafficId
DEBUG: org.hibernate.cfg.AnnotationBinder - Processing annotations of com.cn.rotator.domain.dom.ConvertedTraffic.requestDataId
DEBUG: org.hibernate.cfg.Ejb3Column - Binding column request_data_id. Unique false. Nullable true.
DEBUG: org.hibernate.cfg.annotations.PropertyBinder - binding property requestDataId with lazy=false
DEBUG: org.hibernate.cfg.annotations.SimpleValueBinder - building SimpleValue for requestDataId
DEBUG: org.hibernate.cfg.annotations.PropertyBinder - Building property requestDataId
DEBUG: org.hibernate.cfg.AnnotationBinder - Processing annotations of com.cn.rotator.domain.dom.ConvertedTraffic.tag
DEBUG: org.hibernate.cfg.Ejb3Column - Binding column tag. Unique false. Nullable true.
DEBUG: org.hibernate.cfg.annotations.PropertyBinder - binding property tag with lazy=false
DEBUG: org.hibernate.cfg.annotations.SimpleValueBinder - building SimpleValue for tag
DEBUG: org.hibernate.cfg.annotations.PropertyBinder - Building property tag
INFO : org.hibernate.cfg.AnnotationBinder - Binding entity from annotated class: com.cn.rotator.domain.dom.Countryurlcampaign
DEBUG: org.hibernate.cfg.Ejb3Column - Binding column DTYPE. Unique false. Nullable false.
DEBUG: org.hibernate.cfg.annotations.EntityBinder - Import with entity name Countryurlcampaign
INFO : org.hibernate.cfg.annotations.EntityBinder - Bind entity com.cn.rotator.domain.dom.Countryurlcampaign on table CountryUrlCampaign
DEBUG: org.hibernate.cfg.AnnotationBinder - Processing com.cn.rotator.domain.dom.Countryurlcampaign property annotation
DEBUG: org.hibernate.cfg.AnnotationBinder - Processing annotations of com.cn.rotator.domain.dom.Countryurlcampaign.id
DEBUG: org.hibernate.cfg.Ejb3Column - Binding column id. Unique false. Nullable false.
DEBUG: org.hibernate.cfg.AnnotationBinder - id is an id
DEBUG: org.hibernate.cfg.annotations.SimpleValueBinder - building SimpleValue for id
DEBUG: org.hibernate.cfg.annotations.PropertyBinder - Building property id
DEBUG: org.hibernate.cfg.AnnotationBinder - Bind @Id on id
DEBUG: org.hibernate.cfg.AnnotationBinder - Processing annotations of com.cn.rotator.domain.dom.Countryurlcampaign.advertiserId
DEBUG: org.hibernate.cfg.Ejb3Column - Binding column advertiser_id. Unique false. Nullable false.
DEBUG: org.hibernate.cfg.annotations.PropertyBinder - binding property advertiserId with lazy=false
DEBUG: org.hibernate.cfg.annotations.SimpleValueBinder - building SimpleValue for advertiserId
DEBUG: org.hibernate.cfg.annotations.PropertyBinder - Building property advertiserId
DEBUG: org.hibernate.cfg.AnnotationBinder - Processing annotations of com.cn.rotator.domain.dom.Countryurlcampaign.campaignName
DEBUG: org.hibernate.cfg.Ejb3Column - Binding column campaign_name. Unique false. Nullable false.
DEBUG: org.hibernate.cfg.annotations.PropertyBinder - binding property campaignName with lazy=false
DEBUG: org.hibernate.cfg.annotations.SimpleValueBinder - building SimpleValue for campaignName
DEBUG: org.hibernate.cfg.annotations.PropertyBinder - Building property campaignName
DEBUG: org.hibernate.cfg.AnnotationBinder - Processing annotations of com.cn.rotator.domain.dom.Countryurlcampaign.campaignTypeId
DEBUG: org.hibernate.cfg.Ejb3Column - Binding column campaign_type_id. Unique false. Nullable false.
DEBUG: org.hibernate.cfg.annotations.PropertyBinder - binding property campaignTypeId with lazy=false
DEBUG: org.hibernate.cfg.annotations.SimpleValueBinder - building SimpleValue for campaignTypeId
DEBUG: org.hibernate.cfg.annotations.PropertyBinder - Building property campaignTypeId
DEBUG: org.hibernate.cfg.AnnotationBinder - Processing annotations of com.cn.rotator.domain.dom.Countryurlcampaign.campaignUrl
DEBUG: org.hibernate.cfg.Ejb3Column - Binding column campaign_url. Unique false. Nullable false.
DEBUG: org.hibernate.cfg.annotations.PropertyBinder - binding property campaignUrl with lazy=false
DEBUG: org.hibernate.cfg.annotations.SimpleValueBinder - building SimpleValue for campaignUrl
DEBUG: org.hibernate.cfg.annotations.PropertyBinder - Building property campaignUrl
DEBUG: org.hibernate.cfg.AnnotationBinder - Processing annotations of com.cn.rotator.domain.dom.Countryurlcampaign.campaignValue
DEBUG: org.hibernate.cfg.Ejb3Column - Binding column campaign_value. Unique false. Nullable false.
DEBUG: org.hibernate.cfg.annotations.PropertyBinder - binding property campaignValue with lazy=false
DEBUG: org.hibernate.cfg.annotations.SimpleValueBinder - building SimpleValue for campaignValue
DEBUG: org.hibernate.cfg.annotations.PropertyBinder - Building property campaignValue
DEBUG: org.hibernate.cfg.AnnotationBinder - Processing annotations of com.cn.rotator.domain.dom.Countryurlcampaign.countryCode
DEBUG: org.hibernate.cfg.Ejb3Column - Binding column country_code. Unique false. Nullable false.
DEBUG: org.hibernate.cfg.annotations.PropertyBinder - binding property countryCode with lazy=false
DEBUG: org.hibernate.cfg.annotations.SimpleValueBinder - building SimpleValue for countryCode
DEBUG: org.hibernate.cfg.annotations.PropertyBinder - Building property countryCode
DEBUG: org.hibernate.cfg.AnnotationBinder - Processing annotations of com.cn.rotator.domain.dom.Countryurlcampaign.reportingTypeId
DEBUG: org.hibernate.cfg.Ejb3Column - Binding column reporting_type_id. Unique false. Nullable false.
DEBUG: org.hibernate.cfg.annotations.PropertyBinder - binding property reportingTypeId with lazy=false
DEBUG: org.hibernate.cfg.annotations.SimpleValueBinder - building SimpleValue for reportingTypeId
DEBUG: org.hibernate.cfg.annotations.PropertyBinder - Building property reportingTypeId
INFO : org.hibernate.cfg.AnnotationBinder - Binding entity from annotated class: com.cn.rotator.domain.dom.CampaignType
DEBUG: org.hibernate.cfg.Ejb3Column - Binding column DTYPE. Unique false. Nullable false.
DEBUG: org.hibernate.cfg.annotations.EntityBinder - Import with entity name CampaignType
INFO : org.hibernate.cfg.annotations.EntityBinder - Bind entity com.cn.rotator.domain.dom.CampaignType on table CampaignType
DEBUG: org.hibernate.cfg.AnnotationBinder - Processing com.cn.rotator.domain.dom.CampaignType property annotation
DEBUG: org.hibernate.cfg.AnnotationBinder - Processing annotations of com.cn.rotator.domain.dom.CampaignType.id
DEBUG: org.hibernate.cfg.Ejb3Column - Binding column id. Unique false. Nullable false.
DEBUG: org.hibernate.cfg.AnnotationBinder - id is an id
DEBUG: org.hibernate.cfg.annotations.SimpleValueBinder - building SimpleValue for id
DEBUG: org.hibernate.cfg.annotations.PropertyBinder - Building property id
DEBUG: org.hibernate.cfg.AnnotationBinder - Bind @Id on id
DEBUG: org.hibernate.cfg.AnnotationBinder - Processing annotations of com.cn.rotator.domain.dom.CampaignType.campaignType
DEBUG: org.hibernate.cfg.Ejb3Column - Binding column campaign_type. Unique false. Nullable true.
DEBUG: org.hibernate.cfg.annotations.PropertyBinder - binding property campaignType with lazy=false
DEBUG: org.hibernate.cfg.annotations.SimpleValueBinder - building SimpleValue for campaignType
DEBUG: org.hibernate.cfg.annotations.PropertyBinder - Building property campaignType
DEBUG: org.hibernate.cfg.annotations.SimpleValueBinder - setting SimpleValue typeName for id
DEBUG: org.hibernate.cfg.annotations.SimpleValueBinder - setting SimpleValue typeName for active
DEBUG: org.hibernate.cfg.annotations.SimpleValueBinder - setting SimpleValue typeName for createdAt
DEBUG: org.hibernate.cfg.annotations.SimpleValueBinder - setting SimpleValue typeName for rotatorName
DEBUG: org.hibernate.cfg.annotations.SimpleValueBinder - setting SimpleValue typeName for updatedAt
DEBUG: org.hibernate.cfg.annotations.SimpleValueBinder - setting SimpleValue typeName for id
DEBUG: org.hibernate.cfg.annotations.SimpleValueBinder - setting SimpleValue typeName for active
DEBUG: org.hibernate.cfg.annotations.SimpleValueBinder - setting SimpleValue typeName for createdAt
DEBUG: org.hibernate.cfg.annotations.SimpleValueBinder - setting SimpleValue typeName for pathName
DEBUG: org.hibernate.cfg.annotations.SimpleValueBinder - setting SimpleValue typeName for pathPercent
DEBUG: org.hibernate.cfg.annotations.SimpleValueBinder - setting SimpleValue typeName for updatedAt
DEBUG: org.hibernate.cfg.annotations.SimpleValueBinder - setting SimpleValue typeName for url
DEBUG: org.hibernate.cfg.annotations.SimpleValueBinder - setting SimpleValue typeName for id
DEBUG: org.hibernate.cfg.annotations.SimpleValueBinder - setting SimpleValue typeName for advertiserName
DEBUG: org.hibernate.cfg.annotations.SimpleValueBinder - setting SimpleValue typeName for id
DEBUG: org.hibernate.cfg.annotations.SimpleValueBinder - setting SimpleValue typeName for reportingType
DEBUG: org.hibernate.cfg.annotations.SimpleValueBinder - setting SimpleValue typeName for id
DEBUG: org.hibernate.cfg.annotations.SimpleValueBinder - setting SimpleValue typeName for createdAt
DEBUG: org.hibernate.cfg.annotations.SimpleValueBinder - setting SimpleValue typeName for rawTrafficId
DEBUG: org.hibernate.cfg.annotations.SimpleValueBinder - setting SimpleValue typeName for requestDataId
DEBUG: org.hibernate.cfg.annotations.SimpleValueBinder - setting SimpleValue typeName for tag
DEBUG: org.hibernate.cfg.annotations.SimpleValueBinder - setting SimpleValue typeName for id
DEBUG: org.hibernate.cfg.annotations.SimpleValueBinder - setting SimpleValue typeName for advertiserId
DEBUG: org.hibernate.cfg.annotations.SimpleValueBinder - setting SimpleValue typeName for campaignName
DEBUG: org.hibernate.cfg.annotations.SimpleValueBinder - setting SimpleValue typeName for campaignTypeId
DEBUG: org.hibernate.cfg.annotations.SimpleValueBinder - setting SimpleValue typeName for campaignUrl
DEBUG: org.hibernate.cfg.annotations.SimpleValueBinder - setting SimpleValue typeName for campaignValue
DEBUG: org.hibernate.cfg.annotations.SimpleValueBinder - setting SimpleValue typeName for countryCode
DEBUG: org.hibernate.cfg.annotations.SimpleValueBinder - setting SimpleValue typeName for reportingTypeId
DEBUG: org.hibernate.cfg.annotations.SimpleValueBinder - setting SimpleValue typeName for id
DEBUG: org.hibernate.cfg.annotations.SimpleValueBinder - setting SimpleValue typeName for campaignType
DEBUG: org.hibernate.cfg.AnnotationConfiguration - processing fk mappings (*ToOne and JoinedSubclass)
DEBUG: org.hibernate.cfg.Configuration - processing extends queue
DEBUG: org.hibernate.cfg.Configuration - processing collection mappings
DEBUG: org.hibernate.cfg.CollectionSecondPass - Second pass for collection: com.cn.rotator.domain.dom.Rotator.rotatorDestinationPaths
DEBUG: org.hibernate.cfg.annotations.CollectionBinder - Binding a OneToMany: com.cn.rotator.domain.dom.Rotator.rotatorDestinationPaths through a foreign key
INFO : org.hibernate.cfg.annotations.CollectionBinder - Mapping collection: com.cn.rotator.domain.dom.Rotator.rotatorDestinationPaths -&gt; RotatorDestinationPath
DEBUG: org.hibernate.cfg.CollectionSecondPass - Mapped collection key: rotator_id, one-to-many: com.cn.rotator.domain.dom.RotatorDestinationPath
DEBUG: org.hibernate.cfg.Configuration - processing native query and ResultSetMapping mappings
DEBUG: org.hibernate.cfg.Configuration - processing association property references
DEBUG: org.hibernate.cfg.Configuration - processing foreign key constraints
DEBUG: org.hibernate.cfg.Configuration - resolving reference to class: com.cn.rotator.domain.dom.Rotator
INFO : org.hibernate.cfg.AnnotationConfiguration - Hibernate Validator not found: ignoring
INFO : org.hibernate.validator.util.Version - Hibernate Validator 4.0.2.GA
DEBUG: org.hibernate.validator.engine.ResourceBundleMessageInterpolator - ValidationMessages not found. Delegating to org.hibernate.validator.ValidationMessages
DEBUG: org.hibernate.validator.engine.resolver.DefaultTraversableResolver - Found javax.persistence.PersistenceUtil on classpath.
INFO : org.hibernate.validator.engine.resolver.DefaultTraversableResolver - Instantiated an instance of org.hibernate.validator.engine.resolver.JPATraversableResolver.
DEBUG: org.hibernate.validator.xml.ValidationXmlParser - No META-INF/validation.xml found. Using annotation based configuration only
DEBUG: org.hibernate.ejb.util.NamingHelper - No JNDI name configured for binding Ejb3Configuration
DEBUG: org.hibernate.cfg.AnnotationConfiguration - Legacy Validator not present in classpath, ignoring event listener registration
DEBUG: org.hibernate.validator.engine.ResourceBundleMessageInterpolator - ValidationMessages not found. Delegating to org.hibernate.validator.ValidationMessages
DEBUG: org.hibernate.validator.engine.resolver.DefaultTraversableResolver - Found javax.persistence.PersistenceUtil on classpath.
INFO : org.hibernate.validator.engine.resolver.DefaultTraversableResolver - Instantiated an instance of org.hibernate.validator.engine.resolver.JPATraversableResolver.
DEBUG: org.hibernate.validator.xml.ValidationXmlParser - No META-INF/validation.xml found. Using annotation based configuration only
DEBUG: org.hibernate.cfg.search.HibernateSearchEventListenerRegister - Search not present in classpath, ignoring event listener registration.
INFO : org.hibernate.cfg.search.HibernateSearchEventListenerRegister - Unable to find org.hibernate.search.event.FullTextIndexEventListener on the classpath. Hibernate Search is not enabled.
DEBUG: org.hibernate.cfg.Configuration - Preparing to build session factory with filters : {}
DEBUG: org.hibernate.cfg.AnnotationConfiguration - Execute first pass mapping processing
DEBUG: org.hibernate.cfg.AnnotationConfiguration - Process hbm files
DEBUG: org.hibernate.cfg.AnnotationConfiguration - Process annotated classes
DEBUG: org.hibernate.cfg.AnnotationConfiguration - processing fk mappings (*ToOne and JoinedSubclass)
DEBUG: org.hibernate.cfg.Configuration - processing extends queue
DEBUG: org.hibernate.cfg.Configuration - processing collection mappings
DEBUG: org.hibernate.cfg.Configuration - processing native query and ResultSetMapping mappings
DEBUG: org.hibernate.cfg.Configuration - processing association property references
DEBUG: org.hibernate.cfg.Configuration - processing foreign key constraints
DEBUG: org.hibernate.cfg.Configuration - resolving reference to class: com.cn.rotator.domain.dom.Rotator
DEBUG: org.hibernate.validator.engine.ResourceBundleMessageInterpolator - ValidationMessages not found. Delegating to org.hibernate.validator.ValidationMessages
DEBUG: org.hibernate.validator.engine.resolver.DefaultTraversableResolver - Found javax.persistence.PersistenceUtil on classpath.
INFO : org.hibernate.validator.engine.resolver.DefaultTraversableResolver - Instantiated an instance of org.hibernate.validator.engine.resolver.JPATraversableResolver.
DEBUG: org.hibernate.validator.xml.ValidationXmlParser - No META-INF/validation.xml found. Using annotation based configuration only
INFO : org.hibernate.connection.ConnectionProviderFactory - Initializing connection provider: org.hibernate.ejb.connection.InjectedDataSourceConnectionProvider
INFO : org.hibernate.ejb.connection.InjectedDataSourceConnectionProvider - Using provided datasource
DEBUG: org.springframework.jdbc.datasource.DriverManagerDataSource - Creating new JDBC DriverManager Connection to [jdbc:mysql://localhost/rotator]
[...]
DEBUG: org.springframework.beans.factory.support.DefaultListableBeanFactory - Finished creating instance of bean &apos;(inner bean)&apos;
INFO : org.springframework.web.servlet.handler.SimpleUrlHandlerMapping - Root mapping to handler of type [class org.springframework.web.servlet.mvc.ParameterizableViewController]
DEBUG: org.springframework.beans.factory.support.DefaultListableBeanFactory - Returning cached instance of singleton bean &apos;org.springframework.transaction.config.internalTransactionAdvisor&apos;
DEBUG: org.springframework.beans.factory.support.DefaultListableBeanFactory - Finished creating instance of bean &apos;org.springframework.web.servlet.config.viewControllerHandlerMapping&apos;
DEBUG: org.springframework.beans.factory.support.DefaultListableBeanFactory - Creating shared instance of singleton bean &apos;org.springframework.web.servlet.view.InternalResourceViewResolver#0&apos;
DEBUG: org.springframework.beans.factory.support.DefaultListableBeanFactory - Creating instance of bean &apos;org.springframework.web.servlet.view.InternalResourceViewResolver#0&apos;
DEBUG: org.springframework.beans.factory.support.DefaultListableBeanFactory - Eagerly caching bean &apos;org.springframework.web.servlet.view.InternalResourceViewResolver#0&apos; to allow for resolving potential circular references
DEBUG: org.springframework.beans.factory.support.DefaultListableBeanFactory - Returning cached instance of singleton bean &apos;org.springframework.transaction.config.internalTransactionAdvisor&apos;
DEBUG: org.springframework.beans.factory.support.DefaultListableBeanFactory - Finished creating instance of bean &apos;org.springframework.web.servlet.view.InternalResourceViewResolver#0&apos;
DEBUG: org.springframework.context.support.GenericApplicationContext - Unable to locate LifecycleProcessor with name &apos;lifecycleProcessor&apos;: using default [org.springframework.context.support.DefaultLifecycleProcessor@6124e935]
DEBUG: org.springframework.beans.factory.support.DefaultListableBeanFactory - Returning cached instance of singleton bean &apos;lifecycleProcessor&apos;
DEBUG: org.springframework.beans.factory.annotation.InjectionMetadata - Found injected element on class [com.cn.rotator.domain.dao.RotatorDaoTest]: AutowiredFieldElement for private com.cn.rotator.domain.dao.RotatorDao com.cn.rotator.domain.dao.RotatorDaoTest.rotatorDao
DEBUG: org.springframework.beans.factory.annotation.InjectionMetadata - Found injected element on class [com.cn.rotator.domain.dao.RotatorDaoTest]: AutowiredFieldElement for private com.cn.rotator.domain.dao.RotatorDestinationPathDao com.cn.rotator.domain.dao.RotatorDaoTest.rotatorDestinationPathDao
DEBUG: org.springframework.beans.factory.annotation.InjectionMetadata - Processing injected method of bean &apos;com.cn.rotator.domain.dao.RotatorDaoTest&apos;: AutowiredFieldElement for private com.cn.rotator.domain.dao.RotatorDao com.cn.rotator.domain.dao.RotatorDaoTest.rotatorDao
DEBUG: org.springframework.beans.factory.support.DefaultListableBeanFactory - Returning cached instance of singleton bean &apos;jpaRotatorDao&apos;
DEBUG: org.springframework.beans.factory.annotation.AutowiredAnnotationBeanPostProcessor - Autowiring by type from bean name &apos;com.cn.rotator.domain.dao.RotatorDaoTest&apos; to bean named &apos;jpaRotatorDao&apos;
DEBUG: org.springframework.beans.factory.annotation.InjectionMetadata - Processing injected method of bean &apos;com.cn.rotator.domain.dao.RotatorDaoTest&apos;: AutowiredFieldElement for private com.cn.rotator.domain.dao.RotatorDestinationPathDao com.cn.rotator.domain.dao.RotatorDaoTest.rotatorDestinationPathDao
DEBUG: org.springframework.beans.factory.support.DefaultListableBeanFactory - Returning cached instance of singleton bean &apos;jpaRotatorDestinationPathDao&apos;
DEBUG: org.springframework.beans.factory.annotation.AutowiredAnnotationBeanPostProcessor - Autowiring by type from bean name &apos;com.cn.rotator.domain.dao.RotatorDaoTest&apos; to bean named &apos;jpaRotatorDestinationPathDao&apos;
DEBUG: org.springframework.beans.factory.support.DefaultListableBeanFactory - Returning cached instance of singleton bean &apos;org.springframework.transaction.config.internalTransactionAdvisor&apos;
DEBUG: org.springframework.beans.factory.support.DefaultListableBeanFactory - Returning cached instance of singleton bean &apos;org.springframework.transaction.interceptor.TransactionInterceptor#0&apos;
DEBUG: org.springframework.transaction.annotation.AnnotationTransactionAttributeSource - Adding transactional method &apos;save&apos; with attribute: PROPAGATION_REQUIRED,ISOLATION_DEFAULT; &apos;&apos;
DEBUG: org.springframework.beans.factory.support.DefaultListableBeanFactory - Returning cached instance of singleton bean &apos;transactionManager&apos;
DEBUG: org.springframework.orm.jpa.JpaTransactionManager - Creating new transaction with name [com.cn.rotator.domain.dao.jpa.JpaRotatorDao.save]: PROPAGATION_REQUIRED,ISOLATION_DEFAULT; &apos;&apos;
DEBUG: org.springframework.orm.jpa.JpaTransactionManager - Opened new EntityManager [org.hibernate.ejb.EntityManagerImpl@69c0bee6] for JPA transaction
DEBUG: org.hibernate.impl.SessionImpl - opened session at timestamp: 13019468837
DEBUG: org.hibernate.transaction.JDBCTransaction - begin
DEBUG: org.hibernate.jdbc.ConnectionManager - opening JDBC connection
DEBUG: org.springframework.jdbc.datasource.DriverManagerDataSource - Creating new JDBC DriverManager Connection to [jdbc:mysql://localhost/rotator]
DEBUG: org.hibernate.transaction.JDBCTransaction - current autocommit status: true
DEBUG: org.hibernate.transaction.JDBCTransaction - disabling autocommit
DEBUG: org.springframework.orm.jpa.JpaTransactionManager - Exposing JPA transaction as JDBC transaction [org.springframework.orm.jpa.vendor.HibernateJpaDialect$HibernateConnectionHandle@46e13e7b]
DEBUG: org.hibernate.event.def.AbstractSaveEventListener - executing identity-insert immediately
DEBUG: org.hibernate.jdbc.AbstractBatcher - about to open PreparedStatement (open PreparedStatements: 0, globally: 0)
DEBUG: org.hibernate.SQL - insert into Rotator (active, created_at, rotator_name, updated_at) values (?, ?, ?, ?)
Hibernate: insert into Rotator (active, created_at, rotator_name, updated_at) values (?, ?, ?, ?)
DEBUG: org.hibernate.id.IdentifierGeneratorHelper - Natively generated identity: 3
DEBUG: org.hibernate.jdbc.AbstractBatcher - about to close PreparedStatement (open PreparedStatements: 1, globally: 1)
DEBUG: org.springframework.orm.jpa.JpaTransactionManager - Initiating transaction commit
DEBUG: org.springframework.orm.jpa.JpaTransactionManager - Committing JPA transaction on EntityManager [org.hibernate.ejb.EntityManagerImpl@69c0bee6]
DEBUG: org.hibernate.transaction.JDBCTransaction - commit
DEBUG: org.hibernate.event.def.AbstractFlushingEventListener - processing flush-time cascades
DEBUG: org.hibernate.event.def.AbstractFlushingEventListener - dirty checking collections
DEBUG: org.hibernate.event.def.AbstractFlushingEventListener - Flushed: 0 insertions, 0 updates, 0 deletions to 1 objects
DEBUG: org.hibernate.event.def.AbstractFlushingEventListener - Flushed: 0 (re)creations, 0 updates, 0 removals to 0 collections
DEBUG: org.hibernate.pretty.Printer - listing entities:
DEBUG: org.hibernate.pretty.Printer - com.cn.rotator.domain.dom.Rotator{updatedAt=04 April 2011, id=3, rotatorName=TestRotator, createdAt=04 April 2011, rotatorDestinationPaths=null, active=true}
DEBUG: org.hibernate.transaction.JDBCTransaction - re-enabling autocommit
DEBUG: org.hibernate.transaction.JDBCTransaction - committed JDBC Connection
DEBUG: org.hibernate.jdbc.ConnectionManager - aggressively releasing JDBC connection
DEBUG: org.hibernate.jdbc.ConnectionManager - releasing JDBC connection [ (open PreparedStatements: 0, globally: 0) (open ResultSets: 0, globally: 0)]
DEBUG: org.springframework.orm.jpa.JpaTransactionManager - Closing JPA EntityManager [org.hibernate.ejb.EntityManagerImpl@69c0bee6] after transaction
DEBUG: org.springframework.orm.jpa.EntityManagerFactoryUtils - Closing JPA EntityManager
DEBUG: org.springframework.beans.factory.support.DefaultListableBeanFactory - Returning cached instance of singleton bean &apos;transactionManager&apos;
DEBUG: org.springframework.orm.jpa.JpaTransactionManager - Creating new transaction with name [com.cn.rotator.domain.dao.jpa.JpaRotatorDestinationPathDao.save]: PROPAGATION_REQUIRED,ISOLATION_DEFAULT; &apos;&apos;
DEBUG: org.springframework.orm.jpa.JpaTransactionManager - Opened new EntityManager [org.hibernate.ejb.EntityManagerImpl@42143753] for JPA transaction
DEBUG: org.hibernate.impl.SessionImpl - opened session at timestamp: 13019468838
DEBUG: org.hibernate.transaction.JDBCTransaction - begin
DEBUG: org.hibernate.jdbc.ConnectionManager - opening JDBC connection
DEBUG: org.springframework.jdbc.datasource.DriverManagerDataSource - Creating new JDBC DriverManager Connection to [jdbc:mysql://localhost/rotator]
DEBUG: org.hibernate.transaction.JDBCTransaction - current autocommit status: true
DEBUG: org.hibernate.transaction.JDBCTransaction - disabling autocommit
DEBUG: org.springframework.orm.jpa.JpaTransactionManager - Exposing JPA transaction as JDBC transaction [org.springframework.orm.jpa.vendor.HibernateJpaDialect$HibernateConnectionHandle@1798928]
DEBUG: org.hibernate.event.def.AbstractSaveEventListener - executing identity-insert immediately
DEBUG: org.hibernate.jdbc.AbstractBatcher - about to open PreparedStatement (open PreparedStatements: 0, globally: 0)
DEBUG: org.hibernate.SQL - insert into RotatorDestinationPath (active, created_at, path_name, path_percent, rotator_id, updated_at, url) values (?, ?, ?, ?, ?, ?, ?)
Hibernate: insert into RotatorDestinationPath (active, created_at, path_name, path_percent, rotator_id, updated_at, url) values (?, ?, ?, ?, ?, ?, ?)
DEBUG: org.hibernate.jdbc.AbstractBatcher - about to close PreparedStatement (open PreparedStatements: 1, globally: 1)
DEBUG: org.hibernate.util.JDBCExceptionReporter - could not insert: [com.cn.rotator.domain.dom.RotatorDestinationPath] [insert into RotatorDestinationPath (active, created_at, path_name, path_percent, rotator_id, updated_at, url) values (?, ?, ?, ?, ?, ?, ?)]
com.mysql.jdbc.exceptions.jdbc4.MySQLIntegrityConstraintViolationException: Column &apos;rotator_id&apos; cannot be null
	at sun.reflect.NativeConstructorAccessorImpl.newInstance0(Native Method)
	at sun.reflect.NativeConstructorAccessorImpl.newInstance(NativeConstructorAccessorImpl.java:39)
	at sun.reflect.DelegatingConstructorAccessorImpl.newInstance(DelegatingConstructorAccessorImpl.java:27)
	at java.lang.reflect.Constructor.newInstance(Constructor.java:513)
	at com.mysql.jdbc.Util.handleNewInstance(Util.java:409)
	at com.mysql.jdbc.Util.getInstance(Util.java:384)
	at com.mysql.jdbc.SQLError.createSQLException(SQLError.java:1041)
	at com.mysql.jdbc.MysqlIO.checkErrorPacket(MysqlIO.java:3562)
	at com.mysql.jdbc.MysqlIO.checkErrorPacket(MysqlIO.java:3494)
	at com.mysql.jdbc.MysqlIO.sendCommand(MysqlIO.java:1960)
	at com.mysql.jdbc.MysqlIO.sqlQueryDirect(MysqlIO.java:2114)
	at com.mysql.jdbc.ConnectionImpl.execSQL(ConnectionImpl.java:2696)
	at com.mysql.jdbc.PreparedStatement.executeInternal(PreparedStatement.java:2105)
	at com.mysql.jdbc.PreparedStatement.executeUpdate(PreparedStatement.java:2398)
	at com.mysql.jdbc.PreparedStatement.executeUpdate(PreparedStatement.java:2316)
	at com.mysql.jdbc.PreparedStatement.executeUpdate(PreparedStatement.java:2301)
	at org.hibernate.id.IdentityGenerator$GetGeneratedKeysDelegate.executeAndExtract(IdentityGenerator.java:94)
	at org.hibernate.id.insert.AbstractReturningDelegate.performInsert(AbstractReturningDelegate.java:57)
	at org.hibernate.persister.entity.AbstractEntityPersister.insert(AbstractEntityPersister.java:2278)
	at org.hibernate.persister.entity.AbstractEntityPersister.insert(AbstractEntityPersister.java:2758)
	at org.hibernate.action.EntityIdentityInsertAction.execute(EntityIdentityInsertAction.java:71)
	at org.hibernate.engine.ActionQueue.execute(ActionQueue.java:279)
	at org.hibernate.event.def.AbstractSaveEventListener.performSaveOrReplicate(AbstractSaveEventListener.java:321)
	at org.hibernate.event.def.AbstractSaveEventListener.performSave(AbstractSaveEventListener.java:204)
	at org.hibernate.event.def.AbstractSaveEventListener.saveWithGeneratedId(AbstractSaveEventListener.java:130)
	at org.hibernate.ejb.event.EJB3MergeEventListener.saveWithGeneratedId(EJB3MergeEventListener.java:62)
	at org.hibernate.event.def.DefaultMergeEventListener.mergeTransientEntity(DefaultMergeEventListener.java:314)
	at org.hibernate.event.def.DefaultMergeEventListener.entityIsTransient(DefaultMergeEventListener.java:282)
	at org.hibernate.event.def.DefaultMergeEventListener.onMerge(DefaultMergeEventListener.java:237)
	at org.hibernate.event.def.DefaultMergeEventListener.onMerge(DefaultMergeEventListener.java:84)
	at org.hibernate.impl.SessionImpl.fireMerge(SessionImpl.java:709)
	at org.hibernate.impl.SessionImpl.merge(SessionImpl.java:693)
	at org.hibernate.impl.SessionImpl.merge(SessionImpl.java:697)
	at org.hibernate.ejb.AbstractEntityManagerImpl.merge(AbstractEntityManagerImpl.java:322)
	at sun.reflect.NativeMethodAccessorImpl.invoke0(Native Method)
	at sun.reflect.NativeMethodAccessorImpl.invoke(NativeMethodAccessorImpl.java:39)
	at sun.reflect.DelegatingMethodAccessorImpl.invoke(DelegatingMethodAccessorImpl.java:25)
	at java.lang.reflect.Method.invoke(Method.java:597)
	at org.springframework.orm.jpa.SharedEntityManagerCreator$SharedEntityManagerInvocationHandler.invoke(SharedEntityManagerCreator.java:240)
	at $Proxy27.merge(Unknown Source)
	at com.cn.rotator.domain.dao.jpa.JpaRotatorDestinationPathDao.save(JpaRotatorDestinationPathDao.java:30)
	at sun.reflect.NativeMethodAccessorImpl.invoke0(Native Method)
	at sun.reflect.NativeMethodAccessorImpl.invoke(NativeMethodAccessorImpl.java:39)
	at sun.reflect.DelegatingMethodAccessorImpl.invoke(DelegatingMethodAccessorImpl.java:25)
	at java.lang.reflect.Method.invoke(Method.java:597)
	at org.springframework.aop.support.AopUtils.invokeJoinpointUsingReflection(AopUtils.java:309)
	at org.springframework.aop.framework.ReflectiveMethodInvocation.invokeJoinpoint(ReflectiveMethodInvocation.java:183)
	at org.springframework.aop.framework.ReflectiveMethodInvocation.proceed(ReflectiveMethodInvocation.java:150)
	at org.springframework.transaction.interceptor.TransactionInterceptor.invoke(TransactionInterceptor.java:110)
	at org.springframework.aop.framework.ReflectiveMethodInvocation.proceed(ReflectiveMethodInvocation.java:172)
	at org.springframework.aop.framework.JdkDynamicAopProxy.invoke(JdkDynamicAopProxy.java:202)
	at $Proxy29.save(Unknown Source)
	at com.cn.rotator.domain.dao.RotatorDaoTest.testRotator(RotatorDaoTest.java:47)
	at sun.reflect.NativeMethodAccessorImpl.invoke0(Native Method)
	at sun.reflect.NativeMethodAccessorImpl.invoke(NativeMethodAccessorImpl.java:39)
	at sun.reflect.DelegatingMethodAccessorImpl.invoke(DelegatingMethodAccessorImpl.java:25)
	at java.lang.reflect.Method.invoke(Method.java:597)
	at org.junit.runners.model.FrameworkMethod$1.runReflectiveCall(FrameworkMethod.java:44)
	at org.junit.internal.runners.model.ReflectiveCallable.run(ReflectiveCallable.java:15)
	at org.junit.runners.model.FrameworkMethod.invokeExplosively(FrameworkMethod.java:41)
	at org.junit.internal.runners.statements.InvokeMethod.evaluate(InvokeMethod.java:20)
	at org.springframework.test.context.junit4.statements.RunBeforeTestMethodCallbacks.evaluate(RunBeforeTestMethodCallbacks.java:74)
	at org.springframework.test.context.junit4.statements.RunAfterTestMethodCallbacks.evaluate(RunAfterTestMethodCallbacks.java:82)
	at org.springframework.test.context.junit4.statements.SpringRepeat.evaluate(SpringRepeat.java:72)
	at org.springframework.test.context.junit4.SpringJUnit4ClassRunner.runChild(SpringJUnit4ClassRunner.java:240)
	at org.junit.runners.BlockJUnit4ClassRunner.runChild(BlockJUnit4ClassRunner.java:49)
	at org.junit.runners.ParentRunner$3.run(ParentRunner.java:193)
	at org.junit.runners.ParentRunner$1.schedule(ParentRunner.java:52)
	at org.junit.runners.ParentRunner.runChildren(ParentRunner.java:191)
	at org.junit.runners.ParentRunner.access$000(ParentRunner.java:42)
	at org.junit.runners.ParentRunner$2.evaluate(ParentRunner.java:184)
	at org.springframework.test.context.junit4.statements.RunBeforeTestClassCallbacks.evaluate(RunBeforeTestClassCallbacks.java:61)
	at org.springframework.test.context.junit4.statements.RunAfterTestClassCallbacks.evaluate(RunAfterTestClassCallbacks.java:70)
	at org.junit.runners.ParentRunner.run(ParentRunner.java:236)
	at org.springframework.test.context.junit4.SpringJUnit4ClassRunner.run(SpringJUnit4ClassRunner.java:180)
	at org.apache.maven.surefire.junit4.JUnit4TestSet.execute(JUnit4TestSet.java:35)
	at org.apache.maven.surefire.junit4.JUnit4Provider.executeTestSet(JUnit4Provider.java:115)
	at org.apache.maven.surefire.junit4.JUnit4Provider.invoke(JUnit4Provider.java:97)
	at sun.reflect.NativeMethodAccessorImpl.invoke0(Native Method)
	at sun.reflect.NativeMethodAccessorImpl.invoke(NativeMethodAccessorImpl.java:39)
	at sun.reflect.DelegatingMethodAccessorImpl.invoke(DelegatingMethodAccessorImpl.java:25)
	at java.lang.reflect.Method.invoke(Method.java:597)
	at org.apache.maven.surefire.booter.ProviderFactory$ClassLoaderProxy.invoke(ProviderFactory.java:103)
	at $Proxy0.invoke(Unknown Source)
	at org.apache.maven.surefire.booter.SurefireStarter.invokeProvider(SurefireStarter.java:150)
	at org.apache.maven.surefire.booter.SurefireStarter.runSuitesInProcess(SurefireStarter.java:91)
	at org.apache.maven.surefire.booter.ForkedBooter.main(ForkedBooter.java:69)
WARN : org.hibernate.util.JDBCExceptionReporter - SQL Error: 1048, SQLState: 23000
ERROR: org.hibernate.util.JDBCExceptionReporter - Column &apos;rotator_id&apos; cannot be null
DEBUG: org.hibernate.ejb.AbstractEntityManagerImpl - mark transaction for rollback
DEBUG: org.springframework.orm.jpa.JpaTransactionManager - Initiating transaction rollback
DEBUG: org.springframework.orm.jpa.JpaTransactionManager - Rolling back JPA transaction on EntityManager [org.hibernate.ejb.EntityManagerImpl@42143753]
DEBUG: org.hibernate.transaction.JDBCTransaction - rollback
DEBUG: org.hibernate.transaction.JDBCTransaction - re-enabling autocommit
DEBUG: org.hibernate.transaction.JDBCTransaction - rolled back JDBC Connection
DEBUG: org.hibernate.jdbc.ConnectionManager - aggressively releasing JDBC connection
DEBUG: org.hibernate.jdbc.ConnectionManager - releasing JDBC connection [ (open PreparedStatements: 0, globally: 0) (open ResultSets: 0, globally: 0)]
DEBUG: org.springframework.orm.jpa.JpaTransactionManager - Closing JPA EntityManager [org.hibernate.ejb.EntityManagerImpl@42143753] after transaction
DEBUG: org.springframework.orm.jpa.EntityManagerFactoryUtils - Closing JPA EntityManager
DEBUG: org.springframework.test.context.support.DirtiesContextTestExecutionListener - After test method: context [[TestContext@f581593 testClass = RotatorDaoTest, locations = array&lt;String&gt;[&apos;file:src/test/resources/spring/rotator-config.xml&apos;], testInstance = com.cn.rotator.domain.dao.RotatorDaoTest@5ff06dc3, testMethod = testRotator@RotatorDaoTest, testException = javax.persistence.PersistenceException: org.hibernate.exception.ConstraintViolationException: could not insert: [com.cn.rotator.domain.dom.RotatorDestinationPath]]], class dirties context [false], class mode [null], method dirties context [false].
</system-out>
    <system-err>URL: file:/C:/Users/kevin/workspace/java/rotator/target/classes/
  META-INF/orm.xml
  **/*.hbm.xml

</system-err>
  </testcase>
</testsuite>